ERROR 2025-04-09 12:25:17,579 Error -cls=create_register_device_admin|Result=create_register_device_admin() takes 0 positional arguments but 1 was given|Exception=TypeError('create_register_device_admin() takes 0 positional arguments but 1 was given')- 
Traceback (most recent call last):
  File "D:\iot\backend\v1\decorators\silvia_log.py", line 63, in wrapper
    results_function = func(*args,**kwargs)
                       ^^^^^^^^^^^^^^^^^^^^
  File "D:\iot\backend\v1\decorators\middleware.py", line 43, in decorator
    return f(current_user, *args, **kwargs)
           ^^^^^^^^^^^^^^^^^^^^^^^^^^^^^^^^
TypeError: create_register_device_admin() takes 0 positional arguments but 1 was given
WARNING 2025-04-09 12:26:18,442 Info -cls=create_register_device_admin|args=()|kwargs={'device_id': '02198321321312'}|Result={"code":401,"message":"A valid username is missing!"}
-
WARNING 2025-04-09 18:45:57,593 Info -cls=create_register_device_admin|args=()|kwargs={'device_id': '02198321321312'}|Result={"code":401,"message":"A valid username is missing!"}
-
WARNING 2025-04-09 18:46:58,721 Info -cls=create_register_device_admin|args=()|kwargs={'device_id': '02198321321312'}|Result={"code":401,"message":"A valid username authorize is missing!"}
-
ERROR 2025-04-09 18:47:08,209 Error -cls=create_register_device_admin|Result=create_register_device_admin() takes 0 positional arguments but 1 was given|Exception=TypeError('create_register_device_admin() takes 0 positional arguments but 1 was given')- 
Traceback (most recent call last):
  File "D:\iot\backend\v1\decorators\silvia_log.py", line 63, in wrapper
    results_function = func(*args,**kwargs)
                       ^^^^^^^^^^^^^^^^^^^^
  File "D:\iot\backend\v1\decorators\middleware.py", line 43, in decorator
    return f(current_user, *args, **kwargs)
           ^^^^^^^^^^^^^^^^^^^^^^^^^^^^^^^^
TypeError: create_register_device_admin() takes 0 positional arguments but 1 was given
ERROR 2025-04-09 18:48:09,009 Error -cls=create_register_device_admin|Result=create_register_device_admin() takes 0 positional arguments but 1 was given|Exception=TypeError('create_register_device_admin() takes 0 positional arguments but 1 was given')- 
Traceback (most recent call last):
  File "D:\iot\backend\v1\decorators\silvia_log.py", line 63, in wrapper
    results_function = func(*args,**kwargs)
                       ^^^^^^^^^^^^^^^^^^^^
  File "D:\iot\backend\v1\decorators\middleware.py", line 45, in decorator
    return f(current_user, *args, **kwargs)
           ^^^^^^^^^^^^^^^^^^^^^^^^^^^^^^^^
TypeError: create_register_device_admin() takes 0 positional arguments but 1 was given
ERROR 2025-04-09 18:48:50,892 Error -cls=create_register_device_admin|Result=create_register_device_admin() takes 0 positional arguments but 1 was given|Exception=TypeError('create_register_device_admin() takes 0 positional arguments but 1 was given')- 
Traceback (most recent call last):
  File "D:\iot\backend\v1\decorators\silvia_log.py", line 63, in wrapper
    results_function = func(*args,**kwargs)
                       ^^^^^^^^^^^^^^^^^^^^
TypeError: create_register_device_admin() takes 0 positional arguments but 1 was given
ERROR 2025-04-09 18:50:42,260 Error -cls=create_register_device_admin|Result=create_register_device_admin() takes 0 positional arguments but 1 was given|Exception=TypeError('create_register_device_admin() takes 0 positional arguments but 1 was given')- 
Traceback (most recent call last):
  File "D:\iot\backend\v1\decorators\silvia_log.py", line 63, in wrapper
    results_function = func(*args,**kwargs)
                       ^^^^^^^^^^^^^^^^^^^^
TypeError: create_register_device_admin() takes 0 positional arguments but 1 was given
