ERROR 2025-04-12 18:07:28,926 Error -cls=create_register_device|Result=create_register_device() missing 1 required positional argument: 'current_user'|Exception=TypeError("create_register_device() missing 1 required positional argument: 'current_user'")- 
Traceback (most recent call last):
  File "D:\iot\backend\v1\decorators\silvia_log.py", line 61, in wrapper
    results_function = func(*args,**kwargs)
                       ^^^^^^^^^^^^^^^^^^^^
TypeError: create_register_device() missing 1 required positional argument: 'current_user'
ERROR 2025-04-12 18:08:43,045 Error -cls=create_register_device|Result='id'|Exception=KeyError('id')- 
Traceback (most recent call last):
  File "D:\iot\backend\v1\decorators\silvia_log.py", line 61, in wrapper
    results_function = func(*args,**kwargs)
                       ^^^^^^^^^^^^^^^^^^^^
  File "D:\iot\backend\v1\test_auth.py", line 73, in create_register_device
    change = c_register_device(y)
             ^^^^^^^^^^^^^^^^^^^^
  File "D:\iot\backend\v1\decorators\middleware.py", line 76, in decorator
    return f(*args, **kwargs)
           ^^^^^^^^^^^^^^^^^^
  File "D:\iot\backend\v1\controller\UserController.py", line 76, in c_register_device
    get_ = get_device(device['id'],devices,current_user,None)
                      ~~~~~~^^^^^^
KeyError: 'id'
ERROR 2025-04-12 18:31:11,725 Error -cls=create_register_device|Result='id'|Exception=KeyError('id')- 
Traceback (most recent call last):
  File "D:\iot\backend\v1\decorators\silvia_log.py", line 61, in wrapper
    results_function = func(*args,**kwargs)
                       ^^^^^^^^^^^^^^^^^^^^
  File "D:\iot\backend\v1\test_auth.py", line 73, in create_register_device
    change = c_register_device(y)
             ^^^^^^^^^^^^^^^^^^^^
  File "D:\iot\backend\v1\decorators\middleware.py", line 76, in decorator
    return f(*args, **kwargs)
           ^^^^^^^^^^^^^^^^^^
  File "D:\iot\backend\v1\controller\UserController.py", line 76, in c_register_device
    get_ = get_device(device['device_id'],devices,current_user,None)
                      ^^^^^^^^^^^^
KeyError: 'id'
INFO 2025-04-12 18:31:39,825 Info -cls=create_register_device|args=()|kwargs={'device_id': '1120-4340-e6abcdbb-c7df-43e3-acb0-c4162fc5e27a'}|Result={"code":201,"message":"Successfully Registered"}
-
INFO 2025-04-12 18:32:08,978 Info -cls=create_register_device|args=()|kwargs={'device_id': '1120-4340-e6abcdbb-c7df-43e3-acb0-c4162fc5e27a'}|Result={"code":200,"data":{"category":"","created_by":"monicaigun","created_date":"04-11-2025 20:43:38","deleted":false,"device_id":"02198321321312","device_name":"","gsm_connect":false,"id":"1120-4340-e6abcdbb-c7df-43e3-acb0-c4162fc5e27a","ip_address":"0.0.0.0","key":"24T00V1NYO","last_updated":"04-11-2025 22:09:27","live_date":"04-11-2025 20:43:38","live_end":"04-11-2025 20:43:38","location":"device_location","model":"","s_api":0,"s_asap":0,"s_cahaya":0,"s_gerak":0,"server":"0.0.0.0","server_connected":true,"status":0,"type":"","user_connected":true,"user_owner":"mistersoegi","user_remote":false,"user_view":false,"wifi_connect":false},"message":"Successfully Registered"}
-
WARNING 2025-04-12 18:32:29,408 Info -cls=create_register_device|args=()|kwargs={'device_id': '1120-4340-e6abcdbb-c7df-43e3-acb0-c4162fc5e27a'}|Result={"code":403,"message":"Not Found or Forbidden For Data Owned"}
-
WARNING 2025-04-12 18:33:27,898 Info -cls=create_register_device|args=()|kwargs={'device_id': '02198321321312'}|Result={"code":403,"message":"Not Found or Forbidden For Data Owned"}
-
INFO 2025-04-12 18:33:40,283 Info -cls=create_register_device|args=()|kwargs={'device_id': '02198321321312'}|Result={"code":200,"data":{"category":"","created_by":"monicaigun","created_date":"04-11-2025 20:43:38","deleted":false,"device_id":"02198321321312","device_name":"","gsm_connect":false,"id":"1120-4340-e6abcdbb-c7df-43e3-acb0-c4162fc5e27a","ip_address":"0.0.0.0","key":"24T00V1NYO","last_updated":"04-11-2025 22:09:27","live_date":"04-11-2025 20:43:38","live_end":"04-11-2025 20:43:38","location":"device_location","model":"","s_api":0,"s_asap":0,"s_cahaya":0,"s_gerak":0,"server":"0.0.0.0","server_connected":true,"status":0,"type":"","user_connected":true,"user_owner":"mistersoegi","user_remote":false,"user_view":false,"wifi_connect":false},"message":"Successfully Registered"}
-
INFO 2025-04-12 18:34:13,243 Info -cls=create_change_device_admin|args=()|kwargs={'id': '1120-4340-e6abcdbb-c7df-43e3-acb0-c4162fc5e27a', 'user_owner': 'mistersoegi'}|Result={"code":200,"data":{"device":[{"category":"","created_by":"monicaigun","created_date":"04-11-2025 20:43:38","deleted":false,"device_id":"02198321321312","device_name":"","gsm_connect":false,"id":"1120-4340-e6abcdbb-c7df-43e3-acb0-c4162fc5e27a","ip_address":"0.0.0.0","key":"24T00V1NYO","last_updated":"04-12-2025 18:32:07","live_date":"04-11-2025 20:43:38","live_end":"04-11-2025 20:43:38","location":"device_location","model":"","s_api":0,"s_asap":0,"s_cahaya":0,"s_gerak":0,"server":"0.0.0.0","server_connected":true,"status":0,"type":"","user_connected":true,"user_owner":"mistersoegi","user_remote":false,"user_view":false,"wifi_connect":false}]},"message":"Successfully Changed"}
-
INFO 2025-04-12 18:34:24,973 Info -cls=create_register_device|args=()|kwargs={'device_id': '02198321321312'}|Result={"code":200,"data":{"category":"","created_by":"monicaigun","created_date":"04-11-2025 20:43:38","deleted":false,"device_id":"02198321321312","device_name":"","gsm_connect":false,"id":"1120-4340-e6abcdbb-c7df-43e3-acb0-c4162fc5e27a","ip_address":"0.0.0.0","key":"24T00V1NYO","last_updated":"04-12-2025 18:32:07","live_date":"04-11-2025 20:43:38","live_end":"04-11-2025 20:43:38","location":"device_location","model":"","s_api":0,"s_asap":0,"s_cahaya":0,"s_gerak":0,"server":"0.0.0.0","server_connected":true,"status":0,"type":"","user_connected":true,"user_owner":"mistersoegi","user_remote":false,"user_view":false,"wifi_connect":false},"message":"Successfully Registered"}
-
INFO 2025-04-12 18:53:32,059 Info -cls=create_register_device|args=()|kwargs={'device_id': '02198321321312'}|Result={"code":200,"data":{"authentication":[{"device":[],"email":"fajarsoegi@gmail.com","id":"202504-1021-2032-8ecf8722-43f4-4066-a06a-21d688a71f7f","password":[{"password":"gAAAAABn99OwRAET2Z0ZDeSWechor8QMyVfNq8FPQjlupovr5lJai1te0EGkc0f4W3B-DMMzb0IoIFJwoIC30YKJPiTySZgo1g==","primary":true}],"role":"superadmin","username":"fajarsoegi"},{"device":[],"email":"monicaigun@gmail.com","id":"202504-1119-5020-0e41c8ad-e9c4-40f0-8918-463976992b28","password":[{"password":"gAAAAABn-RAMonam5aSQyZXmaNlAa4w12ICQqYlgiEOepgAB2Din2JVZxp-mPeHutsRMqbi01wXjfwva4OCKxIQmBA8c1uVNWw==","primary":false},{"password":"gAAAAABn-RParMu5nUECh_rO9adD07qt3WFDidYCGh1shH2uzcu7lc04M5VGd9ZIsMomp_4XmO1Qt4bwY1cZYZQWcACY60DC4g==","primary":true}],"role":"admin","username":"monicaigun"},{"device":[],"email":"mistersoegi@gmail.com","id":"202504-1121-1722-d2e98a9d-6365-4a29-b048-bc940fa9d443","last_updated":"04-12-2025 18:53:26","password":[{"password":"gAAAAABn-SRy9Y1qTNCIkBKBZk3HpMKXx_Yokr63lghENi2S4bdXbWON2xUDzgKb2s5D1dMGMavxSs7hfg4ZkCCmQTHYwrDdjQ==","primary":true}],"role":"user","username":"mistersoegi"}]},"message":"Successfully Registered"}
-
INFO 2025-04-12 19:13:22,232 Info -cls=create_register_device|args=()|kwargs={'device_id': '02198321321312'}|Result={"code":200,"data":{"authentication":[{"device":[],"email":"fajarsoegi@gmail.com","id":"202504-1021-2032-8ecf8722-43f4-4066-a06a-21d688a71f7f","password":[{"password":"gAAAAABn99OwRAET2Z0ZDeSWechor8QMyVfNq8FPQjlupovr5lJai1te0EGkc0f4W3B-DMMzb0IoIFJwoIC30YKJPiTySZgo1g==","primary":true}],"role":"superadmin","username":"fajarsoegi"},{"device":[],"email":"monicaigun@gmail.com","id":"202504-1119-5020-0e41c8ad-e9c4-40f0-8918-463976992b28","password":[{"password":"gAAAAABn-RAMonam5aSQyZXmaNlAa4w12ICQqYlgiEOepgAB2Din2JVZxp-mPeHutsRMqbi01wXjfwva4OCKxIQmBA8c1uVNWw==","primary":false},{"password":"gAAAAABn-RParMu5nUECh_rO9adD07qt3WFDidYCGh1shH2uzcu7lc04M5VGd9ZIsMomp_4XmO1Qt4bwY1cZYZQWcACY60DC4g==","primary":true}],"role":"admin","username":"monicaigun"},{"device":[],"email":"mistersoegi@gmail.com","id":"202504-1121-1722-d2e98a9d-6365-4a29-b048-bc940fa9d443","last_updated":"04-12-2025 19:13:20","password":[{"password":"gAAAAABn-SRy9Y1qTNCIkBKBZk3HpMKXx_Yokr63lghENi2S4bdXbWON2xUDzgKb2s5D1dMGMavxSs7hfg4ZkCCmQTHYwrDdjQ==","primary":true}],"role":"user","username":"mistersoegi"}]},"message":"Successfully Registered"}
-
INFO 2025-04-12 19:14:03,063 Info -cls=create_register_device|args=()|kwargs={'device_id': '02198321321312'}|Result={"code":200,"data":{"email":"mistersoegi@gmail.com","id":"202504-1121-1722-d2e98a9d-6365-4a29-b048-bc940fa9d443","password":[{"password":"gAAAAABn-SRy9Y1qTNCIkBKBZk3HpMKXx_Yokr63lghENi2S4bdXbWON2xUDzgKb2s5D1dMGMavxSs7hfg4ZkCCmQTHYwrDdjQ==","primary":true}],"role":"user","username":"mistersoegi"},"message":"Successfully Registered"}
-
INFO 2025-04-12 19:14:22,187 Info -cls=create_register_device|args=()|kwargs={'device_id': '02198321321312'}|Result={"code":200,"data":{"device":[],"email":"mistersoegi@gmail.com","id":"202504-1121-1722-d2e98a9d-6365-4a29-b048-bc940fa9d443","password":[{"password":"gAAAAABn-SRy9Y1qTNCIkBKBZk3HpMKXx_Yokr63lghENi2S4bdXbWON2xUDzgKb2s5D1dMGMavxSs7hfg4ZkCCmQTHYwrDdjQ==","primary":true}],"role":"user","username":"mistersoegi"},"message":"Successfully Registered"}
-
INFO 2025-04-12 19:15:02,184 Info -cls=create_register_device|args=()|kwargs={'device_id': '02198321321312'}|Result={"code":200,"data":{"device":[],"email":"mistersoegi@gmail.com","id":"202504-1121-1722-d2e98a9d-6365-4a29-b048-bc940fa9d443","password":[{"password":"gAAAAABn-SRy9Y1qTNCIkBKBZk3HpMKXx_Yokr63lghENi2S4bdXbWON2xUDzgKb2s5D1dMGMavxSs7hfg4ZkCCmQTHYwrDdjQ==","primary":true}],"role":"user","username":"mistersoegi"},"message":"Successfully Registered"}
-
ERROR 2025-04-12 19:16:02,729 Error -cls=create_register_device|Result='builtin_function_or_method' object is not subscriptable|Exception=TypeError("'builtin_function_or_method' object is not subscriptable")- 
Traceback (most recent call last):
  File "D:\iot\backend\v1\decorators\silvia_log.py", line 61, in wrapper
    results_function = func(*args,**kwargs)
                       ^^^^^^^^^^^^^^^^^^^^
  File "D:\iot\backend\v1\test_auth.py", line 73, in create_register_device
    change = c_register_device(y)
             ^^^^^^^^^^^^^^^^^^^^
  File "D:\iot\backend\v1\decorators\middleware.py", line 76, in decorator
    return f(*args, **kwargs)
           ^^^^^^^^^^^^^^^^^^
  File "D:\iot\backend\v1\controller\UserController.py", line 80, in c_register_device
    register = register_device_by_user(auths,device,date_time,current_user)
               ^^^^^^^^^^^^^^^^^^^^^^^^^^^^^^^^^^^^^^^^^^^^^^^^^^^^^^^^^^^^
  File "D:\iot\backend\v1\helper\query.py", line 225, in register_device_by_user
    x['device'].append[device]
    ~~~~~~~~~~~~~~~~~~^^^^^^^^
TypeError: 'builtin_function_or_method' object is not subscriptable
ERROR 2025-04-12 19:18:30,029 Error -cls=create_register_device|Result='builtin_function_or_method' object is not subscriptable|Exception=TypeError("'builtin_function_or_method' object is not subscriptable")- 
Traceback (most recent call last):
  File "D:\iot\backend\v1\decorators\silvia_log.py", line 61, in wrapper
    results_function = func(*args,**kwargs)
                       ^^^^^^^^^^^^^^^^^^^^
  File "D:\iot\backend\v1\test_auth.py", line 73, in create_register_device
    change = c_register_device(y)
             ^^^^^^^^^^^^^^^^^^^^
  File "D:\iot\backend\v1\decorators\middleware.py", line 76, in decorator
    return f(*args, **kwargs)
           ^^^^^^^^^^^^^^^^^^
  File "D:\iot\backend\v1\controller\UserController.py", line 80, in c_register_device
    register_device_by_user(auths,get_,date_time,current_user)
  File "D:\iot\backend\v1\helper\query.py", line 225, in register_device_by_user
    x['device'].append[device]
    ~~~~~~~~~~~~~~~~~~^^^^^^^^
TypeError: 'builtin_function_or_method' object is not subscriptable
ERROR 2025-04-12 19:19:47,367 Error -cls=create_register_device|Result='builtin_function_or_method' object is not subscriptable|Exception=TypeError("'builtin_function_or_method' object is not subscriptable")- 
Traceback (most recent call last):
  File "D:\iot\backend\v1\decorators\silvia_log.py", line 61, in wrapper
    results_function = func(*args,**kwargs)
                       ^^^^^^^^^^^^^^^^^^^^
  File "D:\iot\backend\v1\test_auth.py", line 73, in create_register_device
    change = c_register_device(y)
             ^^^^^^^^^^^^^^^^^^^^
  File "D:\iot\backend\v1\decorators\middleware.py", line 76, in decorator
    return f(*args, **kwargs)
           ^^^^^^^^^^^^^^^^^^
  File "D:\iot\backend\v1\controller\UserController.py", line 80, in c_register_device
    register_device_by_user(auths,get_,date_time,current_user)
  File "D:\iot\backend\v1\helper\query.py", line 225, in register_device_by_user
    x['device'].append[device]
    ~~~~~~~~~~~~~~~~~~^^^^^^^^
TypeError: 'builtin_function_or_method' object is not subscriptable
INFO 2025-04-12 19:20:36,160 Info -cls=create_register_device|args=()|kwargs={'device_id': '02198321321312'}|Result={"code":200,"data":{"device":[],"email":"mistersoegi@gmail.com","id":"202504-1121-1722-d2e98a9d-6365-4a29-b048-bc940fa9d443","password":[{"password":"gAAAAABn-SRy9Y1qTNCIkBKBZk3HpMKXx_Yokr63lghENi2S4bdXbWON2xUDzgKb2s5D1dMGMavxSs7hfg4ZkCCmQTHYwrDdjQ==","primary":true}],"role":"user","username":"mistersoegi"},"message":"Successfully Registered"}
-
INFO 2025-04-12 19:21:37,893 Info -cls=create_register_device|args=()|kwargs={'device_id': '02198321321312'}|Result={"code":200,"data":{"device":[],"email":"mistersoegi@gmail.com","id":"202504-1121-1722-d2e98a9d-6365-4a29-b048-bc940fa9d443","password":[{"password":"gAAAAABn-SRy9Y1qTNCIkBKBZk3HpMKXx_Yokr63lghENi2S4bdXbWON2xUDzgKb2s5D1dMGMavxSs7hfg4ZkCCmQTHYwrDdjQ==","primary":true}],"role":"user","username":"mistersoegi"},"message":"Successfully Registered"}
-
ERROR 2025-04-12 19:22:06,390 Error -cls=create_register_device|Result=unhashable type: 'dict'|Exception=TypeError("unhashable type: 'dict'")- 
Traceback (most recent call last):
  File "D:\iot\backend\v1\decorators\silvia_log.py", line 61, in wrapper
    results_function = func(*args,**kwargs)
                       ^^^^^^^^^^^^^^^^^^^^
  File "D:\iot\backend\v1\test_auth.py", line 73, in create_register_device
    change = c_register_device(y)
             ^^^^^^^^^^^^^^^^^^^^
  File "D:\iot\backend\v1\decorators\middleware.py", line 76, in decorator
    return f(*args, **kwargs)
           ^^^^^^^^^^^^^^^^^^
  File "D:\iot\backend\v1\controller\UserController.py", line 80, in c_register_device
    register_device_by_user(auths,get_,date_time,current_user)
  File "D:\iot\backend\v1\helper\query.py", line 226, in register_device_by_user
    x['device'].append[{device}]
                       ^^^^^^^^
TypeError: unhashable type: 'dict'
INFO 2025-04-12 19:35:12,761 Info -cls=create_register_device|args=()|kwargs={'device_id': '02198321321312'}|Result={"code":200,"data":{"device":[{"category":"","created_by":"monicaigun","created_date":"04-11-2025 20:43:38","deleted":false,"device_id":"02198321321312","device_name":"","gsm_connect":false,"id":"1120-4340-e6abcdbb-c7df-43e3-acb0-c4162fc5e27a","ip_address":"0.0.0.0","key":"24T00V1NYO","last_updated":"04-12-2025 18:32:07","live_date":"04-11-2025 20:43:38","live_end":"04-11-2025 20:43:38","location":"device_location","model":"","s_api":0,"s_asap":0,"s_cahaya":0,"s_gerak":0,"server":"0.0.0.0","server_connected":true,"status":0,"type":"","user_connected":true,"user_owner":"mistersoegi","user_remote":false,"user_view":false,"wifi_connect":false}],"email":"mistersoegi@gmail.com","id":"202504-1121-1722-d2e98a9d-6365-4a29-b048-bc940fa9d443","password":[{"password":"gAAAAABn-SRy9Y1qTNCIkBKBZk3HpMKXx_Yokr63lghENi2S4bdXbWON2xUDzgKb2s5D1dMGMavxSs7hfg4ZkCCmQTHYwrDdjQ==","primary":true}],"role":"user","username":"mistersoegi"},"message":"Successfully Registered"}
-
INFO 2025-04-12 19:39:25,034 Info -cls=create_register_device|args=()|kwargs={'device_id': '02198321321312', 'user_connected': True}|Result={"code":200,"data":{"device":[{"category":"","created_by":"monicaigun","created_date":"04-11-2025 20:43:38","deleted":false,"device_id":"02198321321312","device_name":"","gsm_connect":false,"id":"1120-4340-e6abcdbb-c7df-43e3-acb0-c4162fc5e27a","ip_address":"0.0.0.0","key":"24T00V1NYO","last_updated":"04-12-2025 18:32:07","live_date":"04-11-2025 20:43:38","live_end":"04-11-2025 20:43:38","location":"device_location","model":"","s_api":0,"s_asap":0,"s_cahaya":0,"s_gerak":0,"server":"0.0.0.0","server_connected":false,"status":0,"type":"","user_connected":false,"user_owner":"mistersoegi","user_remote":false,"user_view":false,"wifi_connect":false}],"email":"mistersoegi@gmail.com","id":"202504-1121-1722-d2e98a9d-6365-4a29-b048-bc940fa9d443","password":[{"password":"gAAAAABn-SRy9Y1qTNCIkBKBZk3HpMKXx_Yokr63lghENi2S4bdXbWON2xUDzgKb2s5D1dMGMavxSs7hfg4ZkCCmQTHYwrDdjQ==","primary":true}],"role":"user","username":"mistersoegi"},"message":"Successfully Registered"}
-
INFO 2025-04-12 19:39:56,634 Info -cls=create_register_device|args=()|kwargs={'device_id': '02198321321312', 'user_connected': True}|Result={"code":200,"data":{"device":[{"category":"","created_by":"monicaigun","created_date":"04-11-2025 20:43:38","deleted":false,"device_id":"02198321321312","device_name":"","gsm_connect":false,"id":"1120-4340-e6abcdbb-c7df-43e3-acb0-c4162fc5e27a","ip_address":"0.0.0.0","key":"24T00V1NYO","last_updated":"04-12-2025 19:39:49","live_date":"04-11-2025 20:43:38","live_end":"04-11-2025 20:43:38","location":"device_location","model":"","s_api":0,"s_asap":0,"s_cahaya":0,"s_gerak":0,"server":"0.0.0.0","server_connected":false,"status":0,"type":"","user_connected":false,"user_owner":"mistersoegi","user_remote":false,"user_view":false,"wifi_connect":false}],"email":"mistersoegi@gmail.com","id":"202504-1121-1722-d2e98a9d-6365-4a29-b048-bc940fa9d443","password":[{"password":"gAAAAABn-SRy9Y1qTNCIkBKBZk3HpMKXx_Yokr63lghENi2S4bdXbWON2xUDzgKb2s5D1dMGMavxSs7hfg4ZkCCmQTHYwrDdjQ==","primary":true}],"role":"user","username":"mistersoegi"},"message":"Successfully Registered"}
-
INFO 2025-04-12 19:42:45,749 Info -cls=create_register_device|args=()|kwargs={'device_id': '02198321321312', 'user_connected': True}|Result={"code":200,"data":{"device":[{"category":"","created_by":"monicaigun","created_date":"04-11-2025 20:43:38","deleted":false,"device_id":"02198321321312","device_name":"","gsm_connect":false,"id":"1120-4340-e6abcdbb-c7df-43e3-acb0-c4162fc5e27a","ip_address":"0.0.0.0","key":"24T00V1NYO","last_updated":"04-12-2025 19:42:43","live_date":"04-11-2025 20:43:38","live_end":"04-11-2025 20:43:38","location":"device_location","model":"","s_api":0,"s_asap":0,"s_cahaya":0,"s_gerak":0,"server":"0.0.0.0","server_connected":false,"status":0,"type":"","user_connected":true,"user_owner":"mistersoegi","user_remote":false,"user_view":false,"wifi_connect":false}],"email":"mistersoegi@gmail.com","id":"202504-1121-1722-d2e98a9d-6365-4a29-b048-bc940fa9d443","password":[{"password":"gAAAAABn-SRy9Y1qTNCIkBKBZk3HpMKXx_Yokr63lghENi2S4bdXbWON2xUDzgKb2s5D1dMGMavxSs7hfg4ZkCCmQTHYwrDdjQ==","primary":true}],"role":"user","username":"mistersoegi"},"message":"Successfully Registered"}
-
ERROR 2025-04-12 19:48:27,200 Error -cls=create_register_device|Result='id'|Exception=KeyError('id')- 
Traceback (most recent call last):
  File "D:\iot\backend\v1\decorators\silvia_log.py", line 61, in wrapper
    results_function = func(*args,**kwargs)
                       ^^^^^^^^^^^^^^^^^^^^
  File "D:\iot\backend\v1\test_auth.py", line 73, in create_register_device
    change = c_register_device(y)
             ^^^^^^^^^^^^^^^^^^^^
  File "D:\iot\backend\v1\decorators\middleware.py", line 76, in decorator
    return f(*args, **kwargs)
           ^^^^^^^^^^^^^^^^^^
  File "D:\iot\backend\v1\controller\UserController.py", line 81, in c_register_device
    change_device_by_user(current_user,updated,date_time,devices)
  File "D:\iot\backend\v1\helper\query.py", line 196, in change_device_by_user
    if x.get("id")==device['id'] and x.get("user_owner")==current_user['username']:
                    ~~~~~~^^^^^^
KeyError: 'id'
INFO 2025-04-12 19:50:57,945 Info -cls=create_register_device|args=()|kwargs={'device_id': '02198321321312', 'user_connected': True}|Result={"code":200,"data":{"device":[{"category":"","created_by":"monicaigun","created_date":"04-11-2025 20:43:38","deleted":false,"device_id":"02198321321312","device_name":"","gsm_connect":false,"id":"1120-4340-e6abcdbb-c7df-43e3-acb0-c4162fc5e27a","ip_address":"0.0.0.0","key":"24T00V1NYO","last_updated":"04-12-2025 19:50:56","live_date":"04-11-2025 20:43:38","live_end":"04-11-2025 20:43:38","location":"device_location","model":"","s_api":0,"s_asap":0,"s_cahaya":0,"s_gerak":0,"server":"0.0.0.0","server_connected":false,"status":0,"type":"","user_connected":true,"user_owner":"mistersoegi","user_remote":false,"user_view":false,"wifi_connect":false}],"email":"mistersoegi@gmail.com","id":"202504-1121-1722-d2e98a9d-6365-4a29-b048-bc940fa9d443","password":[{"password":"gAAAAABn-SRy9Y1qTNCIkBKBZk3HpMKXx_Yokr63lghENi2S4bdXbWON2xUDzgKb2s5D1dMGMavxSs7hfg4ZkCCmQTHYwrDdjQ==","primary":true}],"role":"user","username":"mistersoegi"},"message":"Successfully Registered"}
-
INFO 2025-04-12 20:21:00,642 Info -cls=create_login|args=()|kwargs={'username': 'mistersoegi', 'password': 'pass12345!'}|Result={"code":200,"data":{"device":[{"category":"","created_by":"monicaigun","created_date":"04-11-2025 20:43:38","deleted":false,"device_id":"02198321321312","device_name":"","gsm_connect":false,"id":"1120-4340-e6abcdbb-c7df-43e3-acb0-c4162fc5e27a","ip_address":"0.0.0.0","key":"24T00V1NYO","last_updated":"04-12-2025 19:50:56","live_date":"04-11-2025 20:43:38","live_end":"04-11-2025 20:43:38","location":"device_location","model":"","s_api":0,"s_asap":0,"s_cahaya":0,"s_gerak":0,"server":"0.0.0.0","server_connected":false,"status":0,"type":"","user_connected":true,"user_owner":"mistersoegi","user_remote":false,"user_view":false,"wifi_connect":false}],"email":"mistersoegi@gmail.com","id":"202504-1121-1722-d2e98a9d-6365-4a29-b048-bc940fa9d443","loggedIn":true,"password":[{"password":"gAAAAABn-SRy9Y1qTNCIkBKBZk3HpMKXx_Yokr63lghENi2S4bdXbWON2xUDzgKb2s5D1dMGMavxSs7hfg4ZkCCmQTHYwrDdjQ==","primary":true}],"role":"user","username":"mistersoegi"},"message":"Successfully Login"}
-
INFO 2025-04-12 20:22:07,381 Info -cls=create_login|args=()|kwargs={'username': 'mistersoegi', 'password': 'pass12345!'}|Result={"code":200,"data":{"device":[{"category":"","created_by":"monicaigun","created_date":"04-11-2025 20:43:38","deleted":false,"device_id":"02198321321312","device_name":"","gsm_connect":false,"id":"1120-4340-e6abcdbb-c7df-43e3-acb0-c4162fc5e27a","ip_address":"0.0.0.0","key":"24T00V1NYO","last_updated":"04-12-2025 19:50:56","live_date":"04-11-2025 20:43:38","live_end":"04-11-2025 20:43:38","location":"device_location","model":"","s_api":0,"s_asap":0,"s_cahaya":0,"s_gerak":0,"server":"0.0.0.0","server_connected":false,"status":0,"type":"","user_connected":true,"user_owner":"mistersoegi","user_remote":false,"user_view":false,"wifi_connect":false}],"email":"mistersoegi@gmail.com","get_data":null,"id":"202504-1121-1722-d2e98a9d-6365-4a29-b048-bc940fa9d443","last_updated":"04-12-2025 20:20:56","loggedIn":true,"password":[{"password":"gAAAAABn-SRy9Y1qTNCIkBKBZk3HpMKXx_Yokr63lghENi2S4bdXbWON2xUDzgKb2s5D1dMGMavxSs7hfg4ZkCCmQTHYwrDdjQ==","primary":true}],"role":"user","username":"mistersoegi"},"message":"Successfully Login"}
-
INFO 2025-04-12 20:22:16,729 Info -cls=create_login|args=()|kwargs={'username': 'mistersoegi', 'password': 'pass12345!'}|Result={"code":200,"data":{"device":[{"category":"","created_by":"monicaigun","created_date":"04-11-2025 20:43:38","deleted":false,"device_id":"02198321321312","device_name":"","gsm_connect":false,"id":"1120-4340-e6abcdbb-c7df-43e3-acb0-c4162fc5e27a","ip_address":"0.0.0.0","key":"24T00V1NYO","last_updated":"04-12-2025 19:50:56","live_date":"04-11-2025 20:43:38","live_end":"04-11-2025 20:43:38","location":"device_location","model":"","s_api":0,"s_asap":0,"s_cahaya":0,"s_gerak":0,"server":"0.0.0.0","server_connected":false,"status":0,"type":"","user_connected":true,"user_owner":"mistersoegi","user_remote":false,"user_view":false,"wifi_connect":false}],"email":"mistersoegi@gmail.com","get_data":null,"id":"202504-1121-1722-d2e98a9d-6365-4a29-b048-bc940fa9d443","last_updated":"04-12-2025 20:22:06","loggedIn":true,"password":[{"password":"gAAAAABn-SRy9Y1qTNCIkBKBZk3HpMKXx_Yokr63lghENi2S4bdXbWON2xUDzgKb2s5D1dMGMavxSs7hfg4ZkCCmQTHYwrDdjQ==","primary":true}],"role":"user","username":"mistersoegi"},"message":"Successfully Login"}
-
INFO 2025-04-12 20:22:42,433 Info -cls=create_login|args=()|kwargs={'username': 'mistersoegi', 'password': 'pass12345!'}|Result={"code":200,"data":{"device":[{"category":"","created_by":"monicaigun","created_date":"04-11-2025 20:43:38","deleted":false,"device_id":"02198321321312","device_name":"","gsm_connect":false,"id":"1120-4340-e6abcdbb-c7df-43e3-acb0-c4162fc5e27a","ip_address":"0.0.0.0","key":"24T00V1NYO","last_updated":"04-12-2025 19:50:56","live_date":"04-11-2025 20:43:38","live_end":"04-11-2025 20:43:38","location":"device_location","model":"","s_api":0,"s_asap":0,"s_cahaya":0,"s_gerak":0,"server":"0.0.0.0","server_connected":false,"status":0,"type":"","user_connected":true,"user_owner":"mistersoegi","user_remote":false,"user_view":false,"wifi_connect":false}],"email":"mistersoegi@gmail.com","get_data":null,"id":"202504-1121-1722-d2e98a9d-6365-4a29-b048-bc940fa9d443","last_updated":"04-12-2025 20:22:40","password":[{"password":"gAAAAABn-SRy9Y1qTNCIkBKBZk3HpMKXx_Yokr63lghENi2S4bdXbWON2xUDzgKb2s5D1dMGMavxSs7hfg4ZkCCmQTHYwrDdjQ==","primary":true}],"role":"user","username":"mistersoegi"},"message":"Successfully Login"}
-
