INFO 2025-04-10 17:12:08,071 Info -cls=create_register_device_admin|args=()|kwargs={'current_user': {'id': '202504-0718-1950-cb9f2df0-b1dd-4cc5-9835-871003009a11', 'username': 'fajarsoegi', 'email': 'fajarsoegi@gmail.com', 'role': 'admin', 'password': [{'password': 'gAAAAABn87TWYj-9OQ91ku7Ib2C8DqzihopvWoP5nw2ZOpVpM-EwR0uFNZzbchUIk_uqKcuyy8bVttZAFFun7FX2vMa1KQJptQ==', 'primary': False}, {'password': 'gAAAAABn87VqtvcGhwd5f2pIwWQEMi4xKbsxaazgoGivE2AHx-5JyVNRyu2MQJTsRVpyUgXUHEFZGHm1XDj29OsI5C88JppPDg==', 'primary': False}, {'password': 'gAAAAABn87XhtNLLvL7T3HyOo2_cI7lcsNW8nKk4HQrz5OmIDv-122Hg7GfpeJGIpgWBQyDIAeXTUrMeRMQRpM3mdgKRLQBydQ==', 'primary': False}, {'password': 'gAAAAABn87X8A5wrn3UtL8yYFubKIv3J3hjVqxpxX5JFg5B0UMMQ0zC6ivL0QQosEhSWu8mG2Hpx49WHPD4JPoMaQu3l7sv_hg==', 'primary': False}, {'password': 'gAAAAABn9TC9nr9Aac8ZeFoQXR7gEnI3BvLmOFF-0v5jEjeET6s8Ink6T7LOYA17V1Y4GWy2eQ3q5nyUibcEoRi7ITIILWPIsg==', 'primary': True}], 'device': []}}|Result={"code":200,"data":{"device_id":"02198321321312"},"message":"Test Doang"}
-
ERROR 2025-04-10 17:21:17,653 Error -cls=create_register_device_admin|Result='device_owned'|Exception=KeyError('device_owned')- 
Traceback (most recent call last):
  File "D:\iot\backend\v1\decorators\silvia_log.py", line 61, in wrapper
    results_function = func(*args,**kwargs)
                       ^^^^^^^^^^^^^^^^^^^^
  File "D:\iot\backend\v1\test_auth.py", line 222, in create_register_device_admin
    l_device = admin_register_device(y)
               ^^^^^^^^^^^^^^^^^^^^^^^^
  File "D:\iot\backend\v1\test_auth.py", line 104, in admin_register_device
    device_process = r_device_admin(device)
                     ^^^^^^^^^^^^^^^^^^^^^^
  File "D:\iot\backend\v1\helper\query.py", line 127, in r_device_admin
    ,"device_owned":device['device_owned']
                    ~~~~~~^^^^^^^^^^^^^^^^
KeyError: 'device_owned'
ERROR 2025-04-10 17:22:19,016 Error -cls=create_register_device_admin|Result=Object of type Response is not JSON serializable|Exception=TypeError('Object of type Response is not JSON serializable')- 
Traceback (most recent call last):
  File "D:\iot\backend\v1\decorators\silvia_log.py", line 61, in wrapper
    results_function = func(*args,**kwargs)
                       ^^^^^^^^^^^^^^^^^^^^
  File "D:\iot\backend\v1\test_auth.py", line 223, in create_register_device_admin
    return success_request("Test Doang",200,l_device)
           ^^^^^^^^^^^^^^^^^^^^^^^^^^^^^^^^^^^^^^^^^^
  File "D:\iot\backend\v1\helper\responses.py", line 12, in success_request
    response = jsonify(datas)
               ^^^^^^^^^^^^^^
  File "D:\iot\backend\v1\envV1\Lib\site-packages\flask\json\__init__.py", line 170, in jsonify
    return current_app.json.response(*args, **kwargs)  # type: ignore[return-value]
           ^^^^^^^^^^^^^^^^^^^^^^^^^^^^^^^^^^^^^^^^^^
  File "D:\iot\backend\v1\envV1\Lib\site-packages\flask\json\provider.py", line 214, in response
    f"{self.dumps(obj, **dump_args)}\n", mimetype=self.mimetype
       ^^^^^^^^^^^^^^^^^^^^^^^^^^^^
  File "D:\iot\backend\v1\envV1\Lib\site-packages\flask\json\provider.py", line 179, in dumps
    return json.dumps(obj, **kwargs)
           ^^^^^^^^^^^^^^^^^^^^^^^^^
  File "C:\Users\User\AppData\Local\Programs\Python\Python312\Lib\json\__init__.py", line 238, in dumps
    **kw).encode(obj)
          ^^^^^^^^^^^
  File "C:\Users\User\AppData\Local\Programs\Python\Python312\Lib\json\encoder.py", line 200, in encode
    chunks = self.iterencode(o, _one_shot=True)
             ^^^^^^^^^^^^^^^^^^^^^^^^^^^^^^^^^^
  File "C:\Users\User\AppData\Local\Programs\Python\Python312\Lib\json\encoder.py", line 258, in iterencode
    return _iterencode(o, 0)
           ^^^^^^^^^^^^^^^^^
  File "D:\iot\backend\v1\envV1\Lib\site-packages\flask\json\provider.py", line 121, in _default
    raise TypeError(f"Object of type {type(o).__name__} is not JSON serializable")
TypeError: Object of type Response is not JSON serializable
ERROR 2025-04-10 17:22:42,134 Error -cls=create_register_device_admin|Result=Object of type Response is not JSON serializable|Exception=TypeError('Object of type Response is not JSON serializable')- 
Traceback (most recent call last):
  File "D:\iot\backend\v1\decorators\silvia_log.py", line 61, in wrapper
    results_function = func(*args,**kwargs)
                       ^^^^^^^^^^^^^^^^^^^^
  File "D:\iot\backend\v1\test_auth.py", line 224, in create_register_device_admin
    return success_request("Test Doang",200,l_device)
           ^^^^^^^^^^^^^^^^^^^^^^^^^^^^^^^^^^^^^^^^^^
  File "D:\iot\backend\v1\helper\responses.py", line 12, in success_request
    response = jsonify(datas)
               ^^^^^^^^^^^^^^
  File "D:\iot\backend\v1\envV1\Lib\site-packages\flask\json\__init__.py", line 170, in jsonify
    return current_app.json.response(*args, **kwargs)  # type: ignore[return-value]
           ^^^^^^^^^^^^^^^^^^^^^^^^^^^^^^^^^^^^^^^^^^
  File "D:\iot\backend\v1\envV1\Lib\site-packages\flask\json\provider.py", line 214, in response
    f"{self.dumps(obj, **dump_args)}\n", mimetype=self.mimetype
       ^^^^^^^^^^^^^^^^^^^^^^^^^^^^
  File "D:\iot\backend\v1\envV1\Lib\site-packages\flask\json\provider.py", line 179, in dumps
    return json.dumps(obj, **kwargs)
           ^^^^^^^^^^^^^^^^^^^^^^^^^
  File "C:\Users\User\AppData\Local\Programs\Python\Python312\Lib\json\__init__.py", line 238, in dumps
    **kw).encode(obj)
          ^^^^^^^^^^^
  File "C:\Users\User\AppData\Local\Programs\Python\Python312\Lib\json\encoder.py", line 200, in encode
    chunks = self.iterencode(o, _one_shot=True)
             ^^^^^^^^^^^^^^^^^^^^^^^^^^^^^^^^^^
  File "C:\Users\User\AppData\Local\Programs\Python\Python312\Lib\json\encoder.py", line 258, in iterencode
    return _iterencode(o, 0)
           ^^^^^^^^^^^^^^^^^
  File "D:\iot\backend\v1\envV1\Lib\site-packages\flask\json\provider.py", line 121, in _default
    raise TypeError(f"Object of type {type(o).__name__} is not JSON serializable")
TypeError: Object of type Response is not JSON serializable
INFO 2025-04-10 17:23:35,743 Info -cls=create_register_device_admin|args=()|kwargs={'current_user': {'id': '202504-0718-1950-cb9f2df0-b1dd-4cc5-9835-871003009a11', 'username': 'fajarsoegi', 'email': 'fajarsoegi@gmail.com', 'role': 'admin', 'password': [{'password': 'gAAAAABn87TWYj-9OQ91ku7Ib2C8DqzihopvWoP5nw2ZOpVpM-EwR0uFNZzbchUIk_uqKcuyy8bVttZAFFun7FX2vMa1KQJptQ==', 'primary': False}, {'password': 'gAAAAABn87VqtvcGhwd5f2pIwWQEMi4xKbsxaazgoGivE2AHx-5JyVNRyu2MQJTsRVpyUgXUHEFZGHm1XDj29OsI5C88JppPDg==', 'primary': False}, {'password': 'gAAAAABn87XhtNLLvL7T3HyOo2_cI7lcsNW8nKk4HQrz5OmIDv-122Hg7GfpeJGIpgWBQyDIAeXTUrMeRMQRpM3mdgKRLQBydQ==', 'primary': False}, {'password': 'gAAAAABn87X8A5wrn3UtL8yYFubKIv3J3hjVqxpxX5JFg5B0UMMQ0zC6ivL0QQosEhSWu8mG2Hpx49WHPD4JPoMaQu3l7sv_hg==', 'primary': False}, {'password': 'gAAAAABn9TC9nr9Aac8ZeFoQXR7gEnI3BvLmOFF-0v5jEjeET6s8Ink6T7LOYA17V1Y4GWy2eQ3q5nyUibcEoRi7ITIILWPIsg==', 'primary': True}], 'device': []}}|Result={"code":201,"message":"Successfully Registered"}
-
ERROR 2025-04-10 17:23:58,546 Error -cls=create_register_device_admin|Result='device_owned'|Exception=KeyError('device_owned')- 
Traceback (most recent call last):
  File "D:\iot\backend\v1\decorators\silvia_log.py", line 61, in wrapper
    results_function = func(*args,**kwargs)
                       ^^^^^^^^^^^^^^^^^^^^
  File "D:\iot\backend\v1\test_auth.py", line 222, in create_register_device_admin
    l_device = c_register_device(y)
               ^^^^^^^^^^^^^^^^^^^^
  File "D:\iot\backend\v1\test_auth.py", line 104, in c_register_device
    device_process = r_device_admin(device)
                     ^^^^^^^^^^^^^^^^^^^^^^
  File "D:\iot\backend\v1\helper\query.py", line 127, in r_device_admin
    ,"device_owned":device['device_owned']
                    ~~~~~~^^^^^^^^^^^^^^^^
KeyError: 'device_owned'
ERROR 2025-04-10 17:33:09,962 Error -cls=create_register_device_admin|Result='device_owned'|Exception=KeyError('device_owned')- 
Traceback (most recent call last):
  File "D:\iot\backend\v1\decorators\silvia_log.py", line 61, in wrapper
    results_function = func(*args,**kwargs)
                       ^^^^^^^^^^^^^^^^^^^^
  File "D:\iot\backend\v1\test_auth.py", line 222, in create_register_device_admin
    l_device = c_register_device(y)
               ^^^^^^^^^^^^^^^^^^^^
  File "D:\iot\backend\v1\test_auth.py", line 104, in c_register_device
    device_process = r_device_admin(device)
                     ^^^^^^^^^^^^^^^^^^^^^^
  File "D:\iot\backend\v1\helper\query.py", line 127, in r_device_admin
    ,"device_owned":device['device_owned']
                    ~~~~~~^^^^^^^^^^^^^^^^
KeyError: 'device_owned'
INFO 2025-04-10 17:33:33,855 Info -cls=create_register_device_admin|args=()|kwargs={'current_user': {'id': '202504-0718-1950-cb9f2df0-b1dd-4cc5-9835-871003009a11', 'username': 'fajarsoegi', 'email': 'fajarsoegi@gmail.com', 'role': 'admin', 'password': [{'password': 'gAAAAABn87TWYj-9OQ91ku7Ib2C8DqzihopvWoP5nw2ZOpVpM-EwR0uFNZzbchUIk_uqKcuyy8bVttZAFFun7FX2vMa1KQJptQ==', 'primary': False}, {'password': 'gAAAAABn87VqtvcGhwd5f2pIwWQEMi4xKbsxaazgoGivE2AHx-5JyVNRyu2MQJTsRVpyUgXUHEFZGHm1XDj29OsI5C88JppPDg==', 'primary': False}, {'password': 'gAAAAABn87XhtNLLvL7T3HyOo2_cI7lcsNW8nKk4HQrz5OmIDv-122Hg7GfpeJGIpgWBQyDIAeXTUrMeRMQRpM3mdgKRLQBydQ==', 'primary': False}, {'password': 'gAAAAABn87X8A5wrn3UtL8yYFubKIv3J3hjVqxpxX5JFg5B0UMMQ0zC6ivL0QQosEhSWu8mG2Hpx49WHPD4JPoMaQu3l7sv_hg==', 'primary': False}, {'password': 'gAAAAABn9TC9nr9Aac8ZeFoQXR7gEnI3BvLmOFF-0v5jEjeET6s8Ink6T7LOYA17V1Y4GWy2eQ3q5nyUibcEoRi7ITIILWPIsg==', 'primary': True}], 'device': []}}|Result={"code":201,"data":{"created_by":"fajarsoegi","created_date":"04-10-2025 17:33:32","device_id":"02198321321312","device_ip":"device_ip","device_key":"device_key","device_location":"device_location","device_message":"Registered","device_model":"device_model","device_name":"","device_status":"Stop","id":"1017-3333-b0adc560-b7c1-400c-9569-1d3ab177bcda","last_updated":"04-10-2025 17:33:32","live_date":"04-10-2025 17:33:32","live_end":"04-10-2025 17:33:32"},"message":"Successfully Registered"}
-
INFO 2025-04-10 17:38:37,750 Info -cls=create_register_device_admin|args=()|kwargs={'current_user': {'id': '202504-0718-1950-cb9f2df0-b1dd-4cc5-9835-871003009a11', 'username': 'fajarsoegi', 'email': 'fajarsoegi@gmail.com', 'role': 'admin', 'password': [{'password': 'gAAAAABn87TWYj-9OQ91ku7Ib2C8DqzihopvWoP5nw2ZOpVpM-EwR0uFNZzbchUIk_uqKcuyy8bVttZAFFun7FX2vMa1KQJptQ==', 'primary': False}, {'password': 'gAAAAABn87VqtvcGhwd5f2pIwWQEMi4xKbsxaazgoGivE2AHx-5JyVNRyu2MQJTsRVpyUgXUHEFZGHm1XDj29OsI5C88JppPDg==', 'primary': False}, {'password': 'gAAAAABn87XhtNLLvL7T3HyOo2_cI7lcsNW8nKk4HQrz5OmIDv-122Hg7GfpeJGIpgWBQyDIAeXTUrMeRMQRpM3mdgKRLQBydQ==', 'primary': False}, {'password': 'gAAAAABn87X8A5wrn3UtL8yYFubKIv3J3hjVqxpxX5JFg5B0UMMQ0zC6ivL0QQosEhSWu8mG2Hpx49WHPD4JPoMaQu3l7sv_hg==', 'primary': False}, {'password': 'gAAAAABn9TC9nr9Aac8ZeFoQXR7gEnI3BvLmOFF-0v5jEjeET6s8Ink6T7LOYA17V1Y4GWy2eQ3q5nyUibcEoRi7ITIILWPIsg==', 'primary': True}], 'device': []}}|Result={"code":201,"data":{"created_by":"fajarsoegi","created_date":"04-10-2025 17:38:35","device_id":"02198321321312","device_ip":"device_ip","device_key":"device_key","device_location":"device_location","device_message":"Registered","device_model":"device_model","device_name":"","device_status":"Stop","id":"1017-3837-2405ed0e-5f91-454a-b399-78aac0c56f01","last_updated":"04-10-2025 17:38:35","live_date":"04-10-2025 17:38:35","live_end":"04-10-2025 17:38:35"},"message":"Successfully Registered"}
-
INFO 2025-04-10 17:38:41,044 Info -cls=create_register_device_admin|args=()|kwargs={'current_user': {'id': '202504-0718-1950-cb9f2df0-b1dd-4cc5-9835-871003009a11', 'username': 'fajarsoegi', 'email': 'fajarsoegi@gmail.com', 'role': 'admin', 'password': [{'password': 'gAAAAABn87TWYj-9OQ91ku7Ib2C8DqzihopvWoP5nw2ZOpVpM-EwR0uFNZzbchUIk_uqKcuyy8bVttZAFFun7FX2vMa1KQJptQ==', 'primary': False}, {'password': 'gAAAAABn87VqtvcGhwd5f2pIwWQEMi4xKbsxaazgoGivE2AHx-5JyVNRyu2MQJTsRVpyUgXUHEFZGHm1XDj29OsI5C88JppPDg==', 'primary': False}, {'password': 'gAAAAABn87XhtNLLvL7T3HyOo2_cI7lcsNW8nKk4HQrz5OmIDv-122Hg7GfpeJGIpgWBQyDIAeXTUrMeRMQRpM3mdgKRLQBydQ==', 'primary': False}, {'password': 'gAAAAABn87X8A5wrn3UtL8yYFubKIv3J3hjVqxpxX5JFg5B0UMMQ0zC6ivL0QQosEhSWu8mG2Hpx49WHPD4JPoMaQu3l7sv_hg==', 'primary': False}, {'password': 'gAAAAABn9TC9nr9Aac8ZeFoQXR7gEnI3BvLmOFF-0v5jEjeET6s8Ink6T7LOYA17V1Y4GWy2eQ3q5nyUibcEoRi7ITIILWPIsg==', 'primary': True}], 'device': []}}|Result={"code":201,"data":{"created_by":"fajarsoegi","created_date":"04-10-2025 17:38:35","device_id":"02198321321312","device_ip":"device_ip","device_key":"device_key","device_location":"device_location","device_message":"Registered","device_model":"device_model","device_name":"","device_status":"Stop","id":"1017-3841-2978c381-6eee-473c-8e8c-45a3bea1fd35","last_updated":"04-10-2025 17:38:35","live_date":"04-10-2025 17:38:35","live_end":"04-10-2025 17:38:35"},"message":"Successfully Registered"}
-
INFO 2025-04-10 17:39:56,597 Info -cls=create_register_device_admin|args=()|kwargs={'current_user': {'id': '202504-0718-1950-cb9f2df0-b1dd-4cc5-9835-871003009a11', 'username': 'fajarsoegi', 'email': 'fajarsoegi@gmail.com', 'role': 'admin', 'password': [{'password': 'gAAAAABn87TWYj-9OQ91ku7Ib2C8DqzihopvWoP5nw2ZOpVpM-EwR0uFNZzbchUIk_uqKcuyy8bVttZAFFun7FX2vMa1KQJptQ==', 'primary': False}, {'password': 'gAAAAABn87VqtvcGhwd5f2pIwWQEMi4xKbsxaazgoGivE2AHx-5JyVNRyu2MQJTsRVpyUgXUHEFZGHm1XDj29OsI5C88JppPDg==', 'primary': False}, {'password': 'gAAAAABn87XhtNLLvL7T3HyOo2_cI7lcsNW8nKk4HQrz5OmIDv-122Hg7GfpeJGIpgWBQyDIAeXTUrMeRMQRpM3mdgKRLQBydQ==', 'primary': False}, {'password': 'gAAAAABn87X8A5wrn3UtL8yYFubKIv3J3hjVqxpxX5JFg5B0UMMQ0zC6ivL0QQosEhSWu8mG2Hpx49WHPD4JPoMaQu3l7sv_hg==', 'primary': False}, {'password': 'gAAAAABn9TC9nr9Aac8ZeFoQXR7gEnI3BvLmOFF-0v5jEjeET6s8Ink6T7LOYA17V1Y4GWy2eQ3q5nyUibcEoRi7ITIILWPIsg==', 'primary': True}], 'device': []}}|Result={"code":201,"data":{"category":"","deleted":false,"device_id":"02198321321312","device_ip":"device_ip","device_key":"device_key","device_location":"device_location","device_message":"Registered","device_model":"device_model","device_name":"","device_status":"Stop","ip_address":"0.0.0.0","key":"98928098","model":"","remote":false,"sync":false,"type":"","view":false},"message":"Successs"}
-
INFO 2025-04-10 17:40:44,087 Info -cls=create_register_device_admin|args=()|kwargs={'current_user': {'id': '202504-0718-1950-cb9f2df0-b1dd-4cc5-9835-871003009a11', 'username': 'fajarsoegi', 'email': 'fajarsoegi@gmail.com', 'role': 'admin', 'password': [{'password': 'gAAAAABn87TWYj-9OQ91ku7Ib2C8DqzihopvWoP5nw2ZOpVpM-EwR0uFNZzbchUIk_uqKcuyy8bVttZAFFun7FX2vMa1KQJptQ==', 'primary': False}, {'password': 'gAAAAABn87VqtvcGhwd5f2pIwWQEMi4xKbsxaazgoGivE2AHx-5JyVNRyu2MQJTsRVpyUgXUHEFZGHm1XDj29OsI5C88JppPDg==', 'primary': False}, {'password': 'gAAAAABn87XhtNLLvL7T3HyOo2_cI7lcsNW8nKk4HQrz5OmIDv-122Hg7GfpeJGIpgWBQyDIAeXTUrMeRMQRpM3mdgKRLQBydQ==', 'primary': False}, {'password': 'gAAAAABn87X8A5wrn3UtL8yYFubKIv3J3hjVqxpxX5JFg5B0UMMQ0zC6ivL0QQosEhSWu8mG2Hpx49WHPD4JPoMaQu3l7sv_hg==', 'primary': False}, {'password': 'gAAAAABn9TC9nr9Aac8ZeFoQXR7gEnI3BvLmOFF-0v5jEjeET6s8Ink6T7LOYA17V1Y4GWy2eQ3q5nyUibcEoRi7ITIILWPIsg==', 'primary': True}], 'device': []}}|Result={"code":201,"data":{"category":"","deleted":false,"device_id":"02198321321312","device_ip":"device_ip","device_key":"device_key","device_location":"device_location","device_message":"Registered","device_model":"device_model","device_name":"","device_status":"Stop","ip_address":"0.0.0.0","key":"98928098","model":"","remote":false,"sync":false,"type":"","view":false},"message":"Successs"}
-
WARNING 2025-04-10 17:42:34,206 Info -cls=create_register_device_admin|args=()|kwargs={'current_user': {'id': '202504-0718-1950-cb9f2df0-b1dd-4cc5-9835-871003009a11', 'username': 'fajarsoegi', 'email': 'fajarsoegi@gmail.com', 'role': 'admin', 'password': [{'password': 'gAAAAABn87TWYj-9OQ91ku7Ib2C8DqzihopvWoP5nw2ZOpVpM-EwR0uFNZzbchUIk_uqKcuyy8bVttZAFFun7FX2vMa1KQJptQ==', 'primary': False}, {'password': 'gAAAAABn87VqtvcGhwd5f2pIwWQEMi4xKbsxaazgoGivE2AHx-5JyVNRyu2MQJTsRVpyUgXUHEFZGHm1XDj29OsI5C88JppPDg==', 'primary': False}, {'password': 'gAAAAABn87XhtNLLvL7T3HyOo2_cI7lcsNW8nKk4HQrz5OmIDv-122Hg7GfpeJGIpgWBQyDIAeXTUrMeRMQRpM3mdgKRLQBydQ==', 'primary': False}, {'password': 'gAAAAABn87X8A5wrn3UtL8yYFubKIv3J3hjVqxpxX5JFg5B0UMMQ0zC6ivL0QQosEhSWu8mG2Hpx49WHPD4JPoMaQu3l7sv_hg==', 'primary': False}, {'password': 'gAAAAABn9TC9nr9Aac8ZeFoQXR7gEnI3BvLmOFF-0v5jEjeET6s8Ink6T7LOYA17V1Y4GWy2eQ3q5nyUibcEoRi7ITIILWPIsg==', 'primary': True}], 'device': []}}|Result={"code":400,"message":"User Already Exists"}
-
WARNING 2025-04-10 17:51:31,559 Info -cls=create_register_device_admin|args=()|kwargs={'current_user': {'id': '202504-0718-1950-cb9f2df0-b1dd-4cc5-9835-871003009a11', 'username': 'fajarsoegi', 'email': 'fajarsoegi@gmail.com', 'role': 'admin', 'password': [{'password': 'gAAAAABn87TWYj-9OQ91ku7Ib2C8DqzihopvWoP5nw2ZOpVpM-EwR0uFNZzbchUIk_uqKcuyy8bVttZAFFun7FX2vMa1KQJptQ==', 'primary': False}, {'password': 'gAAAAABn87VqtvcGhwd5f2pIwWQEMi4xKbsxaazgoGivE2AHx-5JyVNRyu2MQJTsRVpyUgXUHEFZGHm1XDj29OsI5C88JppPDg==', 'primary': False}, {'password': 'gAAAAABn87XhtNLLvL7T3HyOo2_cI7lcsNW8nKk4HQrz5OmIDv-122Hg7GfpeJGIpgWBQyDIAeXTUrMeRMQRpM3mdgKRLQBydQ==', 'primary': False}, {'password': 'gAAAAABn87X8A5wrn3UtL8yYFubKIv3J3hjVqxpxX5JFg5B0UMMQ0zC6ivL0QQosEhSWu8mG2Hpx49WHPD4JPoMaQu3l7sv_hg==', 'primary': False}, {'password': 'gAAAAABn9TC9nr9Aac8ZeFoQXR7gEnI3BvLmOFF-0v5jEjeET6s8Ink6T7LOYA17V1Y4GWy2eQ3q5nyUibcEoRi7ITIILWPIsg==', 'primary': True}], 'device': []}}|Result={"code":400,"message":"User Already Exists"}
-
INFO 2025-04-10 17:54:21,439 Info -cls=create_register_device_admin|args=()|kwargs={'current_user': {'id': '202504-0718-1950-cb9f2df0-b1dd-4cc5-9835-871003009a11', 'username': 'fajarsoegi', 'email': 'fajarsoegi@gmail.com', 'role': 'admin', 'password': [{'password': 'gAAAAABn87TWYj-9OQ91ku7Ib2C8DqzihopvWoP5nw2ZOpVpM-EwR0uFNZzbchUIk_uqKcuyy8bVttZAFFun7FX2vMa1KQJptQ==', 'primary': False}, {'password': 'gAAAAABn87VqtvcGhwd5f2pIwWQEMi4xKbsxaazgoGivE2AHx-5JyVNRyu2MQJTsRVpyUgXUHEFZGHm1XDj29OsI5C88JppPDg==', 'primary': False}, {'password': 'gAAAAABn87XhtNLLvL7T3HyOo2_cI7lcsNW8nKk4HQrz5OmIDv-122Hg7GfpeJGIpgWBQyDIAeXTUrMeRMQRpM3mdgKRLQBydQ==', 'primary': False}, {'password': 'gAAAAABn87X8A5wrn3UtL8yYFubKIv3J3hjVqxpxX5JFg5B0UMMQ0zC6ivL0QQosEhSWu8mG2Hpx49WHPD4JPoMaQu3l7sv_hg==', 'primary': False}, {'password': 'gAAAAABn9TC9nr9Aac8ZeFoQXR7gEnI3BvLmOFF-0v5jEjeET6s8Ink6T7LOYA17V1Y4GWy2eQ3q5nyUibcEoRi7ITIILWPIsg==', 'primary': True}], 'device': []}}|Result={"code":201,"data":{"category":"","created_by":"fajarsoegi","created_date":"04-10-2025 17:54:19","deleted":false,"device_id":"02198321321312","device_ip":"device_ip","device_key":"device_key","device_location":"device_location","device_message":"Registered","device_model":"device_model","device_name":"","device_status":"Stop","id":"1017-5421-68108390-3b9e-40d7-9f69-053f50b00eb7","ip_address":"0.0.0.0","key":"98928098","last_updated":"04-10-2025 17:54:19","live_date":"04-10-2025 17:54:19","live_end":"04-10-2025 17:54:19","model":"","remote":false,"sync":false,"type":"","view":false},"message":"Successfully Registered"}
-
INFO 2025-04-10 18:11:06,744 Info -cls=create_register_device_admin|args=()|kwargs={'device_id': '02198321321312', 'device_name': '', 'category': '', 'type': '', 'model': '', 'remote': False, 'view': False, 'sync': False, 'deleted': False, 'key': '98928098', 'ip_address': '0.0.0.0', 'device_model': 'device_model', 'device_ip': 'device_ip', 'device_status': 'Stop', 'device_message': 'Registered', 'device_location': 'device_location', 'device_key': 'device_key'}|Result={"code":201,"message":"Successfully Registered"}
-
ERROR 2025-04-10 18:25:50,262 Error -cls=create_admin_login|Result=get_login_username() missing 1 required positional argument: 'columns'|Exception=TypeError("get_login_username() missing 1 required positional argument: 'columns'")- 
Traceback (most recent call last):
  File "D:\iot\backend\v1\decorators\silvia_log.py", line 61, in wrapper
    results_function = func(*args,**kwargs)
                       ^^^^^^^^^^^^^^^^^^^^
  File "D:\iot\backend\v1\test_auth.py", line 24, in create_admin_login
    login = c_login_admin(y)
            ^^^^^^^^^^^^^^^^
  File "D:\iot\backend\v1\controller\AdminController.py", line 16, in c_login_admin
    get_data = get_login_username(username,auths,["password"])
               ^^^^^^^^^^^^^^^^^^^^^^^^^^^^^^^^^^^^^^^^^^^^^^^
TypeError: get_login_username() missing 1 required positional argument: 'columns'
ERROR 2025-04-10 18:26:58,778 Error -cls=create_admin_login|Result=cannot access local variable 'raw' where it is not associated with a value|Exception=UnboundLocalError("cannot access local variable 'raw' where it is not associated with a value")- 
Traceback (most recent call last):
  File "D:\iot\backend\v1\decorators\silvia_log.py", line 61, in wrapper
    results_function = func(*args,**kwargs)
                       ^^^^^^^^^^^^^^^^^^^^
  File "D:\iot\backend\v1\test_auth.py", line 24, in create_admin_login
    login = c_login_admin(y)
            ^^^^^^^^^^^^^^^^
  File "D:\iot\backend\v1\controller\AdminController.py", line 16, in c_login_admin
    get_data = get_login_username(username,auths,"admin",["password"])
               ^^^^^^^^^^^^^^^^^^^^^^^^^^^^^^^^^^^^^^^^^^^^^^^^^^^^^^^
  File "D:\iot\backend\v1\helper\query.py", line 34, in get_login_username
    raw[word] = value
    ^^^
UnboundLocalError: cannot access local variable 'raw' where it is not associated with a value
ERROR 2025-04-10 18:27:23,034 Error -cls=create_admin_login|Result=object of type 'NoneType' has no len()|Exception=TypeError("object of type 'NoneType' has no len()")- 
Traceback (most recent call last):
  File "D:\iot\backend\v1\decorators\silvia_log.py", line 61, in wrapper
    results_function = func(*args,**kwargs)
                       ^^^^^^^^^^^^^^^^^^^^
  File "D:\iot\backend\v1\test_auth.py", line 24, in create_admin_login
    login = c_login_admin(y)
            ^^^^^^^^^^^^^^^^
  File "D:\iot\backend\v1\controller\AdminController.py", line 19, in c_login_admin
    password_active = get_password(get_data,True)
                      ^^^^^^^^^^^^^^^^^^^^^^^^^^^
  File "D:\iot\backend\v1\helper\query.py", line 45, in get_password
    total_data = len(l)
                 ^^^^^^
TypeError: object of type 'NoneType' has no len()
ERROR 2025-04-10 18:34:55,192 Error -cls=create_admin_login|Result=object of type 'NoneType' has no len()|Exception=TypeError("object of type 'NoneType' has no len()")- 
Traceback (most recent call last):
  File "D:\iot\backend\v1\decorators\silvia_log.py", line 61, in wrapper
    results_function = func(*args,**kwargs)
                       ^^^^^^^^^^^^^^^^^^^^
  File "D:\iot\backend\v1\test_auth.py", line 24, in create_admin_login
    login = c_login_admin(y)
            ^^^^^^^^^^^^^^^^
  File "D:\iot\backend\v1\controller\AdminController.py", line 20, in c_login_admin
    password_active = get_password(get_data,True)
                      ^^^^^^^^^^^^^^^^^^^^^^^^^^^
  File "D:\iot\backend\v1\helper\query.py", line 45, in get_password
    total_data = len(l)
                 ^^^^^^
TypeError: object of type 'NoneType' has no len()
ERROR 2025-04-10 18:35:56,187 Error -cls=create_admin_login|Result='str' object has no attribute 'get'|Exception=AttributeError("'str' object has no attribute 'get'")- 
Traceback (most recent call last):
  File "D:\iot\backend\v1\decorators\silvia_log.py", line 61, in wrapper
    results_function = func(*args,**kwargs)
                       ^^^^^^^^^^^^^^^^^^^^
  File "D:\iot\backend\v1\test_auth.py", line 24, in create_admin_login
    login = c_login_admin(y)
            ^^^^^^^^^^^^^^^^
  File "D:\iot\backend\v1\controller\AdminController.py", line 20, in c_login_admin
    password_active = get_password(get_data,True)
                      ^^^^^^^^^^^^^^^^^^^^^^^^^^^
  File "D:\iot\backend\v1\helper\query.py", line 49, in get_password
    if x.get("primary")==status:
       ^^^^^
AttributeError: 'str' object has no attribute 'get'
ERROR 2025-04-10 18:37:08,433 Error -cls=create_admin_login|Result='str' object has no attribute 'get'|Exception=AttributeError("'str' object has no attribute 'get'")- 
Traceback (most recent call last):
  File "D:\iot\backend\v1\decorators\silvia_log.py", line 61, in wrapper
    results_function = func(*args,**kwargs)
                       ^^^^^^^^^^^^^^^^^^^^
  File "D:\iot\backend\v1\test_auth.py", line 24, in create_admin_login
    login = c_login_admin(y)
            ^^^^^^^^^^^^^^^^
  File "D:\iot\backend\v1\controller\AdminController.py", line 20, in c_login_admin
    password_active = get_password(get_data,True)
                      ^^^^^^^^^^^^^^^^^^^^^^^^^^^
  File "D:\iot\backend\v1\helper\query.py", line 50, in get_password
    if x.get("primary")==status:
       ^^^^^
AttributeError: 'str' object has no attribute 'get'
INFO 2025-04-10 18:38:09,432 Info -cls=create_admin_login|args=()|kwargs={'username': 'fajarsoegi', 'password': 'pass12345!'}|Result={"code":200,"data":{"password":[{"password":"gAAAAABn87TWYj-9OQ91ku7Ib2C8DqzihopvWoP5nw2ZOpVpM-EwR0uFNZzbchUIk_uqKcuyy8bVttZAFFun7FX2vMa1KQJptQ==","primary":false},{"password":"gAAAAABn87VqtvcGhwd5f2pIwWQEMi4xKbsxaazgoGivE2AHx-5JyVNRyu2MQJTsRVpyUgXUHEFZGHm1XDj29OsI5C88JppPDg==","primary":false},{"password":"gAAAAABn87XhtNLLvL7T3HyOo2_cI7lcsNW8nKk4HQrz5OmIDv-122Hg7GfpeJGIpgWBQyDIAeXTUrMeRMQRpM3mdgKRLQBydQ==","primary":false},{"password":"gAAAAABn87X8A5wrn3UtL8yYFubKIv3J3hjVqxpxX5JFg5B0UMMQ0zC6ivL0QQosEhSWu8mG2Hpx49WHPD4JPoMaQu3l7sv_hg==","primary":false},{"password":"gAAAAABn9TC9nr9Aac8ZeFoQXR7gEnI3BvLmOFF-0v5jEjeET6s8Ink6T7LOYA17V1Y4GWy2eQ3q5nyUibcEoRi7ITIILWPIsg==","primary":true}]},"message":"Successfully Login"}
-
INFO 2025-04-10 18:39:08,618 Info -cls=create_admin_login|args=()|kwargs={'username': 'fajarsoegi', 'password': 'pass12345!'}|Result={"code":200,"data":{"email":"fajarsoegi@gmail.com","id":"202504-0718-1950-cb9f2df0-b1dd-4cc5-9835-871003009a11","password":[{"password":"gAAAAABn87TWYj-9OQ91ku7Ib2C8DqzihopvWoP5nw2ZOpVpM-EwR0uFNZzbchUIk_uqKcuyy8bVttZAFFun7FX2vMa1KQJptQ==","primary":false},{"password":"gAAAAABn87VqtvcGhwd5f2pIwWQEMi4xKbsxaazgoGivE2AHx-5JyVNRyu2MQJTsRVpyUgXUHEFZGHm1XDj29OsI5C88JppPDg==","primary":false},{"password":"gAAAAABn87XhtNLLvL7T3HyOo2_cI7lcsNW8nKk4HQrz5OmIDv-122Hg7GfpeJGIpgWBQyDIAeXTUrMeRMQRpM3mdgKRLQBydQ==","primary":false},{"password":"gAAAAABn87X8A5wrn3UtL8yYFubKIv3J3hjVqxpxX5JFg5B0UMMQ0zC6ivL0QQosEhSWu8mG2Hpx49WHPD4JPoMaQu3l7sv_hg==","primary":false},{"password":"gAAAAABn9TC9nr9Aac8ZeFoQXR7gEnI3BvLmOFF-0v5jEjeET6s8Ink6T7LOYA17V1Y4GWy2eQ3q5nyUibcEoRi7ITIILWPIsg==","primary":true}],"role":"admin","username":"fajarsoegi"},"message":"Successfully Login"}
-
INFO 2025-04-10 19:01:57,622 Info -cls=create_admin_login|args=()|kwargs={'username': 'fajarsoegi', 'password': 'pass12345!'}|Result={"code":200,"data":{"email":"fajarsoegi@gmail.com","id":"202504-0718-1950-cb9f2df0-b1dd-4cc5-9835-871003009a11","password":[{"password":"gAAAAABn87TWYj-9OQ91ku7Ib2C8DqzihopvWoP5nw2ZOpVpM-EwR0uFNZzbchUIk_uqKcuyy8bVttZAFFun7FX2vMa1KQJptQ==","primary":false},{"password":"gAAAAABn87VqtvcGhwd5f2pIwWQEMi4xKbsxaazgoGivE2AHx-5JyVNRyu2MQJTsRVpyUgXUHEFZGHm1XDj29OsI5C88JppPDg==","primary":false},{"password":"gAAAAABn87XhtNLLvL7T3HyOo2_cI7lcsNW8nKk4HQrz5OmIDv-122Hg7GfpeJGIpgWBQyDIAeXTUrMeRMQRpM3mdgKRLQBydQ==","primary":false},{"password":"gAAAAABn87X8A5wrn3UtL8yYFubKIv3J3hjVqxpxX5JFg5B0UMMQ0zC6ivL0QQosEhSWu8mG2Hpx49WHPD4JPoMaQu3l7sv_hg==","primary":false},{"password":"gAAAAABn9TC9nr9Aac8ZeFoQXR7gEnI3BvLmOFF-0v5jEjeET6s8Ink6T7LOYA17V1Y4GWy2eQ3q5nyUibcEoRi7ITIILWPIsg==","primary":true}],"role":"admin","username":"fajarsoegi"},"message":"Successfully Login"}
-
WARNING 2025-04-10 19:10:27,596 Info -cls=create_admin_register|args=()|kwargs={'username': 'fajarsoegi', 'password': 'pass12345!', 'email': 'fajarsoegi@gmail.com'}|Result={"code":401,"message":"Invalid Authorize!"}
-
WARNING 2025-04-10 19:10:53,876 Info -cls=create_admin_register|args=()|kwargs={'username': 'fajarsoegi', 'password': 'pass12345!', 'email': 'fajarsoegi@gmail.com'}|Result={"code":401,"message":"Invalid Authorize!"}
-
WARNING 2025-04-10 19:12:09,789 Info -cls=create_admin_register|args=()|kwargs={'username': 'fajarsoegi', 'password': 'pass12345!', 'email': 'fajarsoegi@gmail.com'}|Result={"code":401,"message":"Invalid Authorize!"}
-
WARNING 2025-04-10 19:13:24,449 Info -cls=create_admin_register|args=()|kwargs={'username': 'fajarsoegi', 'password': 'pass12345!', 'email': 'fajarsoegi@gmail.com'}|Result={"code":401,"message":"Invalid Authorize!"}
-
WARNING 2025-04-10 19:14:32,077 Info -cls=create_admin_register|args=()|kwargs={'username': 'fajarsoegi', 'password': 'pass12345!', 'email': 'fajarsoegi@gmail.com'}|Result={"code":401,"message":"Invalid Authorize!"}
-
ERROR 2025-04-10 19:15:11,763 Error -cls=create_admin_register|Result=cannot access local variable 'auths' where it is not associated with a value|Exception=UnboundLocalError("cannot access local variable 'auths' where it is not associated with a value")- 
Traceback (most recent call last):
  File "D:\iot\backend\v1\decorators\silvia_log.py", line 61, in wrapper
    results_function = func(*args,**kwargs)
                       ^^^^^^^^^^^^^^^^^^^^
  File "D:\iot\backend\v1\decorators\middleware.py", line 51, in decorator
    current_user = get_login_username(username,auths,None)
                                               ^^^^^
UnboundLocalError: cannot access local variable 'auths' where it is not associated with a value
ERROR 2025-04-10 19:15:54,543 Error -cls=create_admin_register|Result=get_login_username() missing 1 required positional argument: 'columns'|Exception=TypeError("get_login_username() missing 1 required positional argument: 'columns'")- 
Traceback (most recent call last):
  File "D:\iot\backend\v1\decorators\silvia_log.py", line 61, in wrapper
    results_function = func(*args,**kwargs)
                       ^^^^^^^^^^^^^^^^^^^^
  File "D:\iot\backend\v1\decorators\middleware.py", line 52, in decorator
    current_user = get_login_username(username,auths,None)
                   ^^^^^^^^^^^^^^^^^^^^^^^^^^^^^^^^^^^^^^^
TypeError: get_login_username() missing 1 required positional argument: 'columns'
WARNING 2025-04-10 19:16:58,251 Info -cls=create_admin_register|args=()|kwargs={'username': 'fajarsoegi', 'password': 'pass12345!', 'email': 'fajarsoegi@gmail.com'}|Result={"code":401,"message":"Invalid Authorize!"}
-
WARNING 2025-04-10 19:17:26,830 Info -cls=create_admin_register|args=()|kwargs={'username': 'fajarsoegi', 'password': 'pass12345!', 'email': 'fajarsoegi@gmail.com'}|Result={"code":400,"message":"User Already Exists"}
-
INFO 2025-04-10 19:17:58,204 Info -cls=create_admin_register|args=()|kwargs={'username': 'monicaigun', 'password': 'pass12345!', 'email': 'monicaigun@gmail.com'}|Result={"code":201,"message":"Successfully Registered"}
-
INFO 2025-04-10 19:21:53,638 Info -cls=create_register|args=()|kwargs={'username': 'fajarsoegi', 'password': 'pass12345!', 'email': 'fajarsoegi@gmail.com'}|Result={"code":201,"message":"Successfully Registered"}
-
WARNING 2025-04-10 19:23:23,363 Info -cls=create_register|args=()|kwargs={'username': 'fajarsoegi', 'password': 'pass12345!', 'email': 'fajarsoegi@gmail.com'}|Result={"code":400,"message":"User Already Exists"}
-
INFO 2025-04-10 19:31:20,498 Info -cls=create_register|args=()|kwargs={'username': 'mistersoegi', 'password': 'pass12345!', 'email': 'mistersoegi@gmail.com'}|Result={"code":201,"message":"Successfully Registered"}
-
WARNING 2025-04-10 19:49:05,908 Info -cls=create_admin_login|args=()|kwargs={'username': 'fajarsoeg', 'password': 'pass12345!'}|Result={"code":400,"message":"User is not found"}
-
ERROR 2025-04-10 19:49:12,827 Error -cls=create_admin_login|Result='NoneType' object is not subscriptable|Exception=TypeError("'NoneType' object is not subscriptable")- 
Traceback (most recent call last):
  File "D:\iot\backend\v1\decorators\silvia_log.py", line 61, in wrapper
    results_function = func(*args,**kwargs)
                       ^^^^^^^^^^^^^^^^^^^^
  File "D:\iot\backend\v1\test_auth.py", line 25, in create_admin_login
    login = c_login_admin(y)
            ^^^^^^^^^^^^^^^^
  File "D:\iot\backend\v1\controller\AdminController.py", line 40, in c_login_admin
    password_active = get_password(get_data,True)
                      ^^^^^^^^^^^^^^^^^^^^^^^^^^^
  File "D:\iot\backend\v1\helper\query.py", line 62, in get_password
    total_data = len(l['password'])
                     ~^^^^^^^^^^^^
TypeError: 'NoneType' object is not subscriptable
ERROR 2025-04-10 19:49:15,744 Error -cls=create_admin_login|Result='NoneType' object is not subscriptable|Exception=TypeError("'NoneType' object is not subscriptable")- 
Traceback (most recent call last):
  File "D:\iot\backend\v1\decorators\silvia_log.py", line 61, in wrapper
    results_function = func(*args,**kwargs)
                       ^^^^^^^^^^^^^^^^^^^^
  File "D:\iot\backend\v1\test_auth.py", line 25, in create_admin_login
    login = c_login_admin(y)
            ^^^^^^^^^^^^^^^^
  File "D:\iot\backend\v1\controller\AdminController.py", line 40, in c_login_admin
    password_active = get_password(get_data,True)
                      ^^^^^^^^^^^^^^^^^^^^^^^^^^^
  File "D:\iot\backend\v1\helper\query.py", line 62, in get_password
    total_data = len(l['password'])
                     ~^^^^^^^^^^^^
TypeError: 'NoneType' object is not subscriptable
ERROR 2025-04-10 19:50:30,040 Error -cls=create_admin_login|Result='NoneType' object is not subscriptable|Exception=TypeError("'NoneType' object is not subscriptable")- 
Traceback (most recent call last):
  File "D:\iot\backend\v1\decorators\silvia_log.py", line 61, in wrapper
    results_function = func(*args,**kwargs)
                       ^^^^^^^^^^^^^^^^^^^^
  File "D:\iot\backend\v1\test_auth.py", line 25, in create_admin_login
    login = c_login_admin(y)
            ^^^^^^^^^^^^^^^^
  File "D:\iot\backend\v1\controller\AdminController.py", line 41, in c_login_admin
    password_active = get_password(get_data,True)
                      ^^^^^^^^^^^^^^^^^^^^^^^^^^^
  File "D:\iot\backend\v1\helper\query.py", line 62, in get_password
    total_data = len(l['password'])
                     ~^^^^^^^^^^^^
TypeError: 'NoneType' object is not subscriptable
ERROR 2025-04-10 19:51:10,060 Error -cls=create_admin_login|Result='NoneType' object is not subscriptable|Exception=TypeError("'NoneType' object is not subscriptable")- 
Traceback (most recent call last):
  File "D:\iot\backend\v1\decorators\silvia_log.py", line 61, in wrapper
    results_function = func(*args,**kwargs)
                       ^^^^^^^^^^^^^^^^^^^^
  File "D:\iot\backend\v1\test_auth.py", line 25, in create_admin_login
    login = c_login_admin(y)
            ^^^^^^^^^^^^^^^^
  File "D:\iot\backend\v1\controller\AdminController.py", line 42, in c_login_admin
    password_active = get_password(get_data,True)
                      ^^^^^^^^^^^^^^^^^^^^^^^^^^^
  File "D:\iot\backend\v1\helper\query.py", line 62, in get_password
    total_data = len(l['password'])
                     ~^^^^^^^^^^^^
TypeError: 'NoneType' object is not subscriptable
ERROR 2025-04-10 19:51:39,385 Error -cls=create_admin_login|Result='NoneType' object is not subscriptable|Exception=TypeError("'NoneType' object is not subscriptable")- 
Traceback (most recent call last):
  File "D:\iot\backend\v1\decorators\silvia_log.py", line 61, in wrapper
    results_function = func(*args,**kwargs)
                       ^^^^^^^^^^^^^^^^^^^^
  File "D:\iot\backend\v1\test_auth.py", line 25, in create_admin_login
    login = c_login_admin(y)
            ^^^^^^^^^^^^^^^^
  File "D:\iot\backend\v1\controller\AdminController.py", line 42, in c_login_admin
    password_active = get_password(get_data,True)
                      ^^^^^^^^^^^^^^^^^^^^^^^^^^^
  File "D:\iot\backend\v1\helper\query.py", line 63, in get_password
    total_data = len(l['password'])
                     ~^^^^^^^^^^^^
TypeError: 'NoneType' object is not subscriptable
ERROR 2025-04-10 19:53:18,134 Error -cls=create_admin_login|Result='NoneType' object is not subscriptable|Exception=TypeError("'NoneType' object is not subscriptable")- 
Traceback (most recent call last):
  File "D:\iot\backend\v1\decorators\silvia_log.py", line 61, in wrapper
    results_function = func(*args,**kwargs)
                       ^^^^^^^^^^^^^^^^^^^^
  File "D:\iot\backend\v1\test_auth.py", line 25, in create_admin_login
    login = c_login_admin(y)
            ^^^^^^^^^^^^^^^^
  File "D:\iot\backend\v1\controller\AdminController.py", line 41, in c_login_admin
    password_active = get_password(get_data,True)
                      ^^^^^^^^^^^^^^^^^^^^^^^^^^^
  File "D:\iot\backend\v1\helper\query.py", line 63, in get_password
    total_data = len(l['password'])
                     ~^^^^^^^^^^^^
TypeError: 'NoneType' object is not subscriptable
ERROR 2025-04-10 19:53:42,955 Error -cls=create_admin_login|Result='NoneType' object is not subscriptable|Exception=TypeError("'NoneType' object is not subscriptable")- 
Traceback (most recent call last):
  File "D:\iot\backend\v1\decorators\silvia_log.py", line 61, in wrapper
    results_function = func(*args,**kwargs)
                       ^^^^^^^^^^^^^^^^^^^^
  File "D:\iot\backend\v1\test_auth.py", line 25, in create_admin_login
    login = c_login_admin(y)
            ^^^^^^^^^^^^^^^^
  File "D:\iot\backend\v1\controller\AdminController.py", line 41, in c_login_admin
    password_active = get_password(get_data,True)
                      ^^^^^^^^^^^^^^^^^^^^^^^^^^^
  File "D:\iot\backend\v1\helper\query.py", line 62, in get_password
    total_data = len(l['password'])
                     ~^^^^^^^^^^^^
TypeError: 'NoneType' object is not subscriptable
ERROR 2025-04-10 19:54:06,411 Error -cls=create_admin_login|Result='NoneType' object is not subscriptable|Exception=TypeError("'NoneType' object is not subscriptable")- 
Traceback (most recent call last):
  File "D:\iot\backend\v1\decorators\silvia_log.py", line 61, in wrapper
    results_function = func(*args,**kwargs)
                       ^^^^^^^^^^^^^^^^^^^^
  File "D:\iot\backend\v1\test_auth.py", line 25, in create_admin_login
    login = c_login_admin(y)
            ^^^^^^^^^^^^^^^^
  File "D:\iot\backend\v1\controller\AdminController.py", line 41, in c_login_admin
    password_active = get_password(get_data,True)
                      ^^^^^^^^^^^^^^^^^^^^^^^^^^^
  File "D:\iot\backend\v1\helper\query.py", line 61, in get_password
    total_data = len(l['password'])
                     ~^^^^^^^^^^^^
TypeError: 'NoneType' object is not subscriptable
INFO 2025-04-10 19:55:22,150 Info -cls=create_admin_login|args=()|kwargs={'username': 'fajarsoegi', 'password': 'pass12345!'}|Result={"code":200,"data":{"email":"fajarsoegi@gmail.com","id":"202504-0718-1950-cb9f2df0-b1dd-4cc5-9835-871003009a11","password":[{"password":"gAAAAABn87TWYj-9OQ91ku7Ib2C8DqzihopvWoP5nw2ZOpVpM-EwR0uFNZzbchUIk_uqKcuyy8bVttZAFFun7FX2vMa1KQJptQ==","primary":false},{"password":"gAAAAABn87VqtvcGhwd5f2pIwWQEMi4xKbsxaazgoGivE2AHx-5JyVNRyu2MQJTsRVpyUgXUHEFZGHm1XDj29OsI5C88JppPDg==","primary":false},{"password":"gAAAAABn87XhtNLLvL7T3HyOo2_cI7lcsNW8nKk4HQrz5OmIDv-122Hg7GfpeJGIpgWBQyDIAeXTUrMeRMQRpM3mdgKRLQBydQ==","primary":false},{"password":"gAAAAABn87X8A5wrn3UtL8yYFubKIv3J3hjVqxpxX5JFg5B0UMMQ0zC6ivL0QQosEhSWu8mG2Hpx49WHPD4JPoMaQu3l7sv_hg==","primary":false},{"password":"gAAAAABn9TC9nr9Aac8ZeFoQXR7gEnI3BvLmOFF-0v5jEjeET6s8Ink6T7LOYA17V1Y4GWy2eQ3q5nyUibcEoRi7ITIILWPIsg==","primary":true}],"role":"admin","username":"fajarsoegi"},"message":"Successfully Login"}
-
WARNING 2025-04-10 19:56:37,579 Info -cls=create_login|args=()|kwargs={'username': 'fajarsoeg', 'password': 'pass12345!'}|Result={"code":400,"message":"User is not found"}
-
ERROR 2025-04-10 19:56:43,077 Error -cls=create_login|Result='NoneType' object is not subscriptable|Exception=TypeError("'NoneType' object is not subscriptable")- 
Traceback (most recent call last):
  File "D:\iot\backend\v1\decorators\silvia_log.py", line 61, in wrapper
    results_function = func(*args,**kwargs)
                       ^^^^^^^^^^^^^^^^^^^^
  File "D:\iot\backend\v1\test_auth.py", line 49, in create_login
    login = c_login(y)
            ^^^^^^^^^^
  File "D:\iot\backend\v1\controller\UserController.py", line 40, in c_login
    password_active = get_password(get_data,True)
                      ^^^^^^^^^^^^^^^^^^^^^^^^^^^
  File "D:\iot\backend\v1\helper\query.py", line 61, in get_password
    total_data = len(l['password'])
                     ~^^^^^^^^^^^^
TypeError: 'NoneType' object is not subscriptable
ERROR 2025-04-10 19:57:02,007 Error -cls=create_login|Result='NoneType' object is not subscriptable|Exception=TypeError("'NoneType' object is not subscriptable")- 
Traceback (most recent call last):
  File "D:\iot\backend\v1\decorators\silvia_log.py", line 61, in wrapper
    results_function = func(*args,**kwargs)
                       ^^^^^^^^^^^^^^^^^^^^
  File "D:\iot\backend\v1\test_auth.py", line 49, in create_login
    login = c_login(y)
            ^^^^^^^^^^
  File "D:\iot\backend\v1\controller\UserController.py", line 40, in c_login
    password_active = get_password(get_data,True)
                      ^^^^^^^^^^^^^^^^^^^^^^^^^^^
  File "D:\iot\backend\v1\helper\query.py", line 61, in get_password
    total_data = len(l['password'])
                     ~^^^^^^^^^^^^
TypeError: 'NoneType' object is not subscriptable
ERROR 2025-04-10 19:57:23,694 Error -cls=create_login|Result='NoneType' object is not subscriptable|Exception=TypeError("'NoneType' object is not subscriptable")- 
Traceback (most recent call last):
  File "D:\iot\backend\v1\decorators\silvia_log.py", line 61, in wrapper
    results_function = func(*args,**kwargs)
                       ^^^^^^^^^^^^^^^^^^^^
  File "D:\iot\backend\v1\test_auth.py", line 49, in create_login
    login = c_login(y)
            ^^^^^^^^^^
  File "D:\iot\backend\v1\controller\UserController.py", line 41, in c_login
    password_active = get_password(get_data,True)
                      ^^^^^^^^^^^^^^^^^^^^^^^^^^^
  File "D:\iot\backend\v1\helper\query.py", line 61, in get_password
    total_data = len(l['password'])
                     ~^^^^^^^^^^^^
TypeError: 'NoneType' object is not subscriptable
WARNING 2025-04-10 20:09:20,390 Info -cls=create_login|args=()|kwargs={'username': 'fajarsoegi', 'password': 'pass12345!'}|Result={"code":403,"message":"Forbidden"}
-
INFO 2025-04-10 20:09:38,618 Info -cls=create_login|args=()|kwargs={'username': 'mistersoegi', 'password': 'pass12345!'}|Result={"code":200,"data":{"email":"mistersoegi@gmail.com","id":"202504-1019-3120-c5444931-cae7-437c-bf91-bc8697509462","password":[{"password":"gAAAAABn97oY5D_5j1xdyxnWzENhZZjsgUoVhpmsy-K7P_xCFjli7r8wo4eSds07d0okgivrrvQkKh3UfljEDY2E9XG2w_6BzQ==","primary":true}],"role":"user","username":"mistersoegi"},"message":"Successfully Login"}
-
INFO 2025-04-10 20:11:28,595 Info -cls=create_login|args=()|kwargs={'username': 'mistersoegi', 'password': 'pass12345!'}|Result={"code":200,"data":{"device":[],"email":"mistersoegi@gmail.com","id":"202504-1019-3120-c5444931-cae7-437c-bf91-bc8697509462","password":[{"password":"gAAAAABn97oY5D_5j1xdyxnWzENhZZjsgUoVhpmsy-K7P_xCFjli7r8wo4eSds07d0okgivrrvQkKh3UfljEDY2E9XG2w_6BzQ==","primary":true}],"role":"user","username":"mistersoegi"},"message":"Successfully Login"}
-
WARNING 2025-04-10 20:20:09,690 Info -cls=create_admin_change_password|args=()|kwargs={'username': 'fajarsoegi', 'password': 'pass12345!', 'email': 'fajarsoegi@gmail.com'}|Result={"code":401,"message":"A valid username authorize is missing!"}
-
ERROR 2025-04-10 20:20:25,538 Error -cls=create_admin_change_password|Result=create_admin_change_password() got an unexpected keyword argument 'current_user'|Exception=TypeError("create_admin_change_password() got an unexpected keyword argument 'current_user'")- 
Traceback (most recent call last):
  File "D:\iot\backend\v1\decorators\silvia_log.py", line 61, in wrapper
    results_function = func(*args,**kwargs)
                       ^^^^^^^^^^^^^^^^^^^^
  File "D:\iot\backend\v1\decorators\middleware.py", line 58, in decorator
    return f(*args, **kwargs)
           ^^^^^^^^^^^^^^^^^^
TypeError: create_admin_change_password() got an unexpected keyword argument 'current_user'
WARNING 2025-04-10 20:20:44,006 Info -cls=create_admin_change_password|args=()|kwargs={'username': 'fajarsoegi', 'password': 'pass12345!', 'email': 'fajarsoegi@gmail.com'}|Result={"code":400,"message":"Email is not found"}
-
INFO 2025-04-10 20:21:35,210 Info -cls=create_admin_change_password|args=()|kwargs={'username': 'fajarsoegi', 'password': 'pass12345!', 'email': 'fajarsoegi@gmail.com'}|Result={"code":200,"data":{"email":"fajarsoegi@gmail.com","id":"202504-0718-1950-cb9f2df0-b1dd-4cc5-9835-871003009a11","password":[{"password":"gAAAAABn87TWYj-9OQ91ku7Ib2C8DqzihopvWoP5nw2ZOpVpM-EwR0uFNZzbchUIk_uqKcuyy8bVttZAFFun7FX2vMa1KQJptQ==","primary":false},{"password":"gAAAAABn87VqtvcGhwd5f2pIwWQEMi4xKbsxaazgoGivE2AHx-5JyVNRyu2MQJTsRVpyUgXUHEFZGHm1XDj29OsI5C88JppPDg==","primary":false},{"password":"gAAAAABn87XhtNLLvL7T3HyOo2_cI7lcsNW8nKk4HQrz5OmIDv-122Hg7GfpeJGIpgWBQyDIAeXTUrMeRMQRpM3mdgKRLQBydQ==","primary":false},{"password":"gAAAAABn87X8A5wrn3UtL8yYFubKIv3J3hjVqxpxX5JFg5B0UMMQ0zC6ivL0QQosEhSWu8mG2Hpx49WHPD4JPoMaQu3l7sv_hg==","primary":false},{"password":"gAAAAABn9TC9nr9Aac8ZeFoQXR7gEnI3BvLmOFF-0v5jEjeET6s8Ink6T7LOYA17V1Y4GWy2eQ3q5nyUibcEoRi7ITIILWPIsg==","primary":false},{"password":"gAAAAABn98XfQ7vKsvQ8bvS8saWmiirOibNAtnpBQOWRwQNE_DmrwcTVWtXUd7yTI7ILuJhKDkPiu-lpQTe9dqJCclIlrKwcjw==","primary":true}],"role":"admin","username":"fajarsoegi"},"message":"Change Password Succesfully"}
-
INFO 2025-04-10 20:21:47,709 Info -cls=create_admin_change_password|args=()|kwargs={'username': 'fajarsoegi', 'password': 'pass123!', 'email': 'fajarsoegi@gmail.com'}|Result={"code":200,"data":{"email":"fajarsoegi@gmail.com","id":"202504-0718-1950-cb9f2df0-b1dd-4cc5-9835-871003009a11","password":[{"password":"gAAAAABn87TWYj-9OQ91ku7Ib2C8DqzihopvWoP5nw2ZOpVpM-EwR0uFNZzbchUIk_uqKcuyy8bVttZAFFun7FX2vMa1KQJptQ==","primary":false},{"password":"gAAAAABn87VqtvcGhwd5f2pIwWQEMi4xKbsxaazgoGivE2AHx-5JyVNRyu2MQJTsRVpyUgXUHEFZGHm1XDj29OsI5C88JppPDg==","primary":false},{"password":"gAAAAABn87XhtNLLvL7T3HyOo2_cI7lcsNW8nKk4HQrz5OmIDv-122Hg7GfpeJGIpgWBQyDIAeXTUrMeRMQRpM3mdgKRLQBydQ==","primary":false},{"password":"gAAAAABn87X8A5wrn3UtL8yYFubKIv3J3hjVqxpxX5JFg5B0UMMQ0zC6ivL0QQosEhSWu8mG2Hpx49WHPD4JPoMaQu3l7sv_hg==","primary":false},{"password":"gAAAAABn9TC9nr9Aac8ZeFoQXR7gEnI3BvLmOFF-0v5jEjeET6s8Ink6T7LOYA17V1Y4GWy2eQ3q5nyUibcEoRi7ITIILWPIsg==","primary":false},{"password":"gAAAAABn98XfQ7vKsvQ8bvS8saWmiirOibNAtnpBQOWRwQNE_DmrwcTVWtXUd7yTI7ILuJhKDkPiu-lpQTe9dqJCclIlrKwcjw==","primary":false},{"password":"gAAAAABn98XruYCJYECEqvia_29M6Ph40XHq4O05BM7uDpk38IM5-RtRP87FkdKKpSj3-975AiBBeBLLjGgmrcNAz5-mPUUZBA==","primary":true}],"role":"admin","username":"fajarsoegi"},"message":"Change Password Succesfully"}
-
WARNING 2025-04-10 20:21:52,224 Info -cls=create_admin_login|args=()|kwargs={'username': 'fajarsoegi', 'password': 'pass12345!'}|Result={"code":400,"message":"Your password is incorrect"}
-
INFO 2025-04-10 20:21:57,062 Info -cls=create_admin_login|args=()|kwargs={'username': 'fajarsoegi', 'password': 'pass123!'}|Result={"code":200,"data":{"email":"fajarsoegi@gmail.com","id":"202504-0718-1950-cb9f2df0-b1dd-4cc5-9835-871003009a11","password":[{"password":"gAAAAABn87TWYj-9OQ91ku7Ib2C8DqzihopvWoP5nw2ZOpVpM-EwR0uFNZzbchUIk_uqKcuyy8bVttZAFFun7FX2vMa1KQJptQ==","primary":false},{"password":"gAAAAABn87VqtvcGhwd5f2pIwWQEMi4xKbsxaazgoGivE2AHx-5JyVNRyu2MQJTsRVpyUgXUHEFZGHm1XDj29OsI5C88JppPDg==","primary":false},{"password":"gAAAAABn87XhtNLLvL7T3HyOo2_cI7lcsNW8nKk4HQrz5OmIDv-122Hg7GfpeJGIpgWBQyDIAeXTUrMeRMQRpM3mdgKRLQBydQ==","primary":false},{"password":"gAAAAABn87X8A5wrn3UtL8yYFubKIv3J3hjVqxpxX5JFg5B0UMMQ0zC6ivL0QQosEhSWu8mG2Hpx49WHPD4JPoMaQu3l7sv_hg==","primary":false},{"password":"gAAAAABn9TC9nr9Aac8ZeFoQXR7gEnI3BvLmOFF-0v5jEjeET6s8Ink6T7LOYA17V1Y4GWy2eQ3q5nyUibcEoRi7ITIILWPIsg==","primary":false},{"password":"gAAAAABn98XfQ7vKsvQ8bvS8saWmiirOibNAtnpBQOWRwQNE_DmrwcTVWtXUd7yTI7ILuJhKDkPiu-lpQTe9dqJCclIlrKwcjw==","primary":false},{"password":"gAAAAABn98XruYCJYECEqvia_29M6Ph40XHq4O05BM7uDpk38IM5-RtRP87FkdKKpSj3-975AiBBeBLLjGgmrcNAz5-mPUUZBA==","primary":true}],"role":"admin","username":"fajarsoegi"},"message":"Successfully Login"}
-
WARNING 2025-04-10 20:25:06,891 Info -cls=create_change_password|args=()|kwargs={'username': 'fajarsoegi', 'password': 'pass12345!', 'email': 'fajarsoegi@gmail.com'}|Result={"code":401,"message":"A valid username authorize is missing!"}
-
WARNING 2025-04-10 20:25:20,033 Info -cls=create_change_password|args=()|kwargs={'username': 'fajarsoegi', 'password': 'pass12345!', 'email': 'fajarsoegi@gmail.com'}|Result={"code":403,"message":"Username Only Admin Access"}
-
WARNING 2025-04-10 20:26:17,105 Info -cls=create_change_password|args=()|kwargs={'username': 'fajarsoegi', 'password': 'pass12345!', 'email': 'fajarsoegi@gmail.com'}|Result={"code":403,"message":"Username Only User Access"}
-
WARNING 2025-04-10 20:26:58,450 Info -cls=create_change_password|args=()|kwargs={'username': 'mistersoegi', 'password': 'pass12345!', 'email': 'mistersoegi@gmail.com'}|Result={"code":403,"message":"Username Only User Access"}
-
INFO 2025-04-10 20:27:07,570 Info -cls=create_change_password|args=()|kwargs={'username': 'mistersoegi', 'password': 'pass12345!', 'email': 'mistersoegi@gmail.com'}|Result={"code":200,"data":{"email":"mistersoegi@gmail.com","id":"202504-1019-3120-c5444931-cae7-437c-bf91-bc8697509462","password":[{"password":"gAAAAABn97oY5D_5j1xdyxnWzENhZZjsgUoVhpmsy-K7P_xCFjli7r8wo4eSds07d0okgivrrvQkKh3UfljEDY2E9XG2w_6BzQ==","primary":false},{"password":"gAAAAABn98crR5oco45uPIm4c2pgDe8UOi44oAtIe1v3mdIK-3WubVcjrhhkAkpf5Rwio_31AiOMJ_BrEAAmtOI1rp_XO9Bkbw==","primary":true}],"role":"user","username":"mistersoegi"},"message":"Change Password Succesfully"}
-
INFO 2025-04-10 20:27:17,455 Info -cls=create_change_password|args=()|kwargs={'username': 'mistersoegi', 'password': 'pass123!', 'email': 'mistersoegi@gmail.com'}|Result={"code":200,"data":{"email":"mistersoegi@gmail.com","id":"202504-1019-3120-c5444931-cae7-437c-bf91-bc8697509462","password":[{"password":"gAAAAABn97oY5D_5j1xdyxnWzENhZZjsgUoVhpmsy-K7P_xCFjli7r8wo4eSds07d0okgivrrvQkKh3UfljEDY2E9XG2w_6BzQ==","primary":false},{"password":"gAAAAABn98crR5oco45uPIm4c2pgDe8UOi44oAtIe1v3mdIK-3WubVcjrhhkAkpf5Rwio_31AiOMJ_BrEAAmtOI1rp_XO9Bkbw==","primary":false},{"password":"gAAAAABn98c18zl4c76vcHQp3NGZvHG9LqfDh5_h6uIVpzRoHcprG0PnBew0MAs_cYeaHl3EwG2bWixyssEW9PdA2EwJxRM_bA==","primary":true}],"role":"user","username":"mistersoegi"},"message":"Change Password Succesfully"}
-
WARNING 2025-04-10 20:27:25,255 Info -cls=create_login|args=()|kwargs={'username': 'mistersoegi', 'password': 'pass12345!'}|Result={"code":400,"message":"Your password is incorrect"}
-
INFO 2025-04-10 20:27:30,578 Info -cls=create_login|args=()|kwargs={'username': 'mistersoegi', 'password': 'pass123!'}|Result={"code":200,"data":{"device":[],"email":"mistersoegi@gmail.com","id":"202504-1019-3120-c5444931-cae7-437c-bf91-bc8697509462","password":[{"password":"gAAAAABn97oY5D_5j1xdyxnWzENhZZjsgUoVhpmsy-K7P_xCFjli7r8wo4eSds07d0okgivrrvQkKh3UfljEDY2E9XG2w_6BzQ==","primary":false},{"password":"gAAAAABn98crR5oco45uPIm4c2pgDe8UOi44oAtIe1v3mdIK-3WubVcjrhhkAkpf5Rwio_31AiOMJ_BrEAAmtOI1rp_XO9Bkbw==","primary":false},{"password":"gAAAAABn98c18zl4c76vcHQp3NGZvHG9LqfDh5_h6uIVpzRoHcprG0PnBew0MAs_cYeaHl3EwG2bWixyssEW9PdA2EwJxRM_bA==","primary":true}],"role":"user","username":"mistersoegi"},"message":"Successfully Login"}
-
WARNING 2025-04-10 20:27:35,759 Info -cls=create_login|args=()|kwargs={'username': 'mistersoeg', 'password': 'pass123!'}|Result={"code":400,"message":"User is not found"}
-
WARNING 2025-04-10 20:27:41,895 Info -cls=create_login|args=()|kwargs={'username': 'fajarsoegi', 'password': 'pass123!'}|Result={"code":403,"message":"Forbidden"}
-
INFO 2025-04-10 20:27:49,988 Info -cls=create_login|args=()|kwargs={'username': 'mistersoegi', 'password': 'pass123!'}|Result={"code":200,"data":{"device":[],"email":"mistersoegi@gmail.com","id":"202504-1019-3120-c5444931-cae7-437c-bf91-bc8697509462","password":[{"password":"gAAAAABn97oY5D_5j1xdyxnWzENhZZjsgUoVhpmsy-K7P_xCFjli7r8wo4eSds07d0okgivrrvQkKh3UfljEDY2E9XG2w_6BzQ==","primary":false},{"password":"gAAAAABn98crR5oco45uPIm4c2pgDe8UOi44oAtIe1v3mdIK-3WubVcjrhhkAkpf5Rwio_31AiOMJ_BrEAAmtOI1rp_XO9Bkbw==","primary":false},{"password":"gAAAAABn98c18zl4c76vcHQp3NGZvHG9LqfDh5_h6uIVpzRoHcprG0PnBew0MAs_cYeaHl3EwG2bWixyssEW9PdA2EwJxRM_bA==","primary":true}],"role":"user","username":"mistersoegi"},"message":"Successfully Login"}
-
WARNING 2025-04-10 20:36:42,025 Info -cls=create_register_device|args=()|kwargs={'device_id': '02198321321312', 'key': '98928098'}|Result={"code":403,"message":"Username Only User Access"}
-
ERROR 2025-04-10 20:36:55,403 Error -cls=create_register_device|Result=c_register_device() missing 1 required positional argument: 'device'|Exception=TypeError("c_register_device() missing 1 required positional argument: 'device'")- 
Traceback (most recent call last):
  File "D:\iot\backend\v1\decorators\silvia_log.py", line 61, in wrapper
    results_function = func(*args,**kwargs)
                       ^^^^^^^^^^^^^^^^^^^^
  File "D:\iot\backend\v1\decorators\middleware.py", line 82, in decorator
    return f(*args, **kwargs)
           ^^^^^^^^^^^^^^^^^^
  File "D:\iot\backend\v1\test_auth.py", line 72, in create_register_device
    change = c_register_device(y)
             ^^^^^^^^^^^^^^^^^^^^
TypeError: c_register_device() missing 1 required positional argument: 'device'
ERROR 2025-04-10 20:37:17,764 Error -cls=create_register_device|Result=c_register_device() missing 1 required positional argument: 'device'|Exception=TypeError("c_register_device() missing 1 required positional argument: 'device'")- 
Traceback (most recent call last):
  File "D:\iot\backend\v1\decorators\silvia_log.py", line 61, in wrapper
    results_function = func(*args,**kwargs)
                       ^^^^^^^^^^^^^^^^^^^^
  File "D:\iot\backend\v1\decorators\middleware.py", line 82, in decorator
    return f(*args, **kwargs)
           ^^^^^^^^^^^^^^^^^^
  File "D:\iot\backend\v1\test_auth.py", line 72, in create_register_device
    change = c_register_device(y)
             ^^^^^^^^^^^^^^^^^^^^
TypeError: c_register_device() missing 1 required positional argument: 'device'
ERROR 2025-04-10 20:37:58,754 Error -cls=create_register_device|Result='key'|Exception=KeyError('key')- 
Traceback (most recent call last):
  File "D:\iot\backend\v1\decorators\silvia_log.py", line 61, in wrapper
    results_function = func(*args,**kwargs)
                       ^^^^^^^^^^^^^^^^^^^^
  File "D:\iot\backend\v1\decorators\middleware.py", line 82, in decorator
    return f(*args, **kwargs)
           ^^^^^^^^^^^^^^^^^^
  File "D:\iot\backend\v1\test_auth.py", line 72, in create_register_device
    change = c_register_device(current_user,y)
             ^^^^^^^^^^^^^^^^^^^^^^^^^^^^^^^^^
  File "D:\iot\backend\v1\controller\UserController.py", line 74, in c_register_device
    device_process = get_device(device['device_id'],device['key'],devices,None)
                                                    ~~~~~~^^^^^^^
KeyError: 'key'
ERROR 2025-04-10 20:38:22,130 Error -cls=create_register_device|Result='device'|Exception=KeyError('device')- 
Traceback (most recent call last):
  File "D:\iot\backend\v1\decorators\silvia_log.py", line 61, in wrapper
    results_function = func(*args,**kwargs)
                       ^^^^^^^^^^^^^^^^^^^^
  File "D:\iot\backend\v1\decorators\middleware.py", line 82, in decorator
    return f(*args, **kwargs)
           ^^^^^^^^^^^^^^^^^^
  File "D:\iot\backend\v1\test_auth.py", line 72, in create_register_device
    change = c_register_device(current_user,y)
             ^^^^^^^^^^^^^^^^^^^^^^^^^^^^^^^^^
  File "D:\iot\backend\v1\controller\UserController.py", line 74, in c_register_device
    device_process = get_device(device['device_id'],device['device_key'],devices,None)
                     ^^^^^^^^^^^^^^^^^^^^^^^^^^^^^^^^^^^^^^^^^^^^^^^^^^^^^^^^^^^^^^^^^
  File "D:\iot\backend\v1\helper\query.py", line 61, in get_device
    total_data = len(l['device'])
                     ~^^^^^^^^^^
KeyError: 'device'
ERROR 2025-04-10 20:38:42,460 Error -cls=create_register_device|Result='device'|Exception=KeyError('device')- 
Traceback (most recent call last):
  File "D:\iot\backend\v1\decorators\silvia_log.py", line 61, in wrapper
    results_function = func(*args,**kwargs)
                       ^^^^^^^^^^^^^^^^^^^^
  File "D:\iot\backend\v1\decorators\middleware.py", line 82, in decorator
    return f(*args, **kwargs)
           ^^^^^^^^^^^^^^^^^^
  File "D:\iot\backend\v1\test_auth.py", line 72, in create_register_device
    change = c_register_device(current_user,y)
             ^^^^^^^^^^^^^^^^^^^^^^^^^^^^^^^^^
  File "D:\iot\backend\v1\controller\UserController.py", line 74, in c_register_device
    device_process = get_device(device['device_id'],device['device_key'],devices,None)
                     ^^^^^^^^^^^^^^^^^^^^^^^^^^^^^^^^^^^^^^^^^^^^^^^^^^^^^^^^^^^^^^^^^
  File "D:\iot\backend\v1\helper\query.py", line 62, in get_device
    total_data = len(l['device'])
                     ~^^^^^^^^^^
KeyError: 'device'
INFO 2025-04-10 20:39:15,162 Info -cls=create_register_device|args=()|kwargs={'device_id': '02198321321312', 'device_key': '98928098'}|Result={"code":201,"data":{"category":"","created_by":"fajarsoegi","created_date":"04-10-2025 18:11:01","deleted":false,"device_id":"02198321321312","device_ip":"device_ip","device_key":"device_key","device_location":"device_location","device_message":"Registered","device_model":"device_model","device_name":"","device_status":"Stop","id":"1018-1106-895b43af-7f5b-4368-87ec-44713279636c","ip_address":"0.0.0.0","key":"98928098","last_updated":"04-10-2025 18:11:01","live_date":"04-10-2025 18:11:01","live_end":"04-10-2025 18:11:01","model":"","remote":false,"sync":false,"type":"","view":false},"message":"Successfully Registered"}
-
ERROR 2025-04-10 21:14:50,733 Error -cls=create_register_device|Result='dict' object has no attribute 'append'|Exception=AttributeError("'dict' object has no attribute 'append'")- 
Traceback (most recent call last):
  File "D:\iot\backend\v1\decorators\silvia_log.py", line 61, in wrapper
    results_function = func(*args,**kwargs)
                       ^^^^^^^^^^^^^^^^^^^^
  File "D:\iot\backend\v1\decorators\middleware.py", line 82, in decorator
    return f(*args, **kwargs)
           ^^^^^^^^^^^^^^^^^^
  File "D:\iot\backend\v1\test_auth.py", line 72, in create_register_device
    change = c_register_device(current_user,y)
             ^^^^^^^^^^^^^^^^^^^^^^^^^^^^^^^^^
  File "D:\iot\backend\v1\controller\UserController.py", line 77, in c_register_device
    change_device = change_device_md(device_process['device_id'],device_process['key'],device_process,devices)
                    ^^^^^^^^^^^^^^^^^^^^^^^^^^^^^^^^^^^^^^^^^^^^^^^^^^^^^^^^^^^^^^^^^^^^^^^^^^^^^^^^^^^^^^^^^^
  File "D:\iot\backend\v1\helper\query.py", line 153, in change_device_md
    x.append(devices)
    ^^^^^^^^
AttributeError: 'dict' object has no attribute 'append'
INFO 2025-04-10 21:16:29,242 Info -cls=create_register_device|args=()|kwargs={'device_id': '02198321321312', 'device_key': '98928098'}|Result={"code":201,"data":{"device":[{"category":"","created_by":"fajarsoegi","created_date":"04-10-2025 18:11:01","deleted":false,"device_id":"02198321321312","device_ip":"device_ip","device_key":"device_key","device_location":"device_location","device_message":"Registered","device_model":"device_model","device_name":"","device_status":"Start","id":"1018-1106-895b43af-7f5b-4368-87ec-44713279636c","ip_address":"0.0.0.0","key":"98928098","last_updated":"04-10-2025 18:11:01","live_date":"04-10-2025 18:11:01","live_end":"04-10-2025 18:11:01","model":"","remote":false,"sync":true,"type":"","view":false},{"category":"","created_by":"fajarsoegi","created_date":"04-10-2025 18:11:01","deleted":false,"device_id":"02198321321312","device_ip":"device_ip","device_key":"device_key","device_location":"device_location","device_message":"Registered","device_model":"device_model","device_name":"","device_status":"Start","id":"1018-1106-895b43af-7f5b-4368-87ec-44713279636c","ip_address":"0.0.0.0","key":"98928098","last_updated":"04-10-2025 18:11:01","live_date":"04-10-2025 18:11:01","live_end":"04-10-2025 18:11:01","model":"","remote":false,"sync":true,"type":"","view":false}]},"message":"Successfully Registered"}
-
INFO 2025-04-10 21:18:40,212 Info -cls=create_admin_register|args=()|kwargs={'username': 'monicaigun', 'password': 'pass12345!', 'email': 'monicaigun@gmail.com'}|Result={"code":201,"message":"Successfully Registered"}
-
WARNING 2025-04-10 21:18:47,987 Info -cls=create_register_device_admin|args=()|kwargs={'device_id': '02198321321312', 'device_name': '', 'category': '', 'type': '', 'model': '', 'remote': False, 'view': False, 'sync': False, 'deleted': False, 'key': '98928098', 'ip_address': '0.0.0.0', 'device_model': 'device_model', 'device_ip': 'device_ip', 'device_status': 'Stop', 'device_message': 'Registered', 'device_location': 'device_location', 'device_key': 'device_key'}|Result={"code":403,"message":"Username Only Admin Access"}
-
INFO 2025-04-10 21:18:59,277 Info -cls=create_register_device_admin|args=()|kwargs={'device_id': '02198321321312', 'device_name': '', 'category': '', 'type': '', 'model': '', 'remote': False, 'view': False, 'sync': False, 'deleted': False, 'key': '98928098', 'ip_address': '0.0.0.0', 'device_model': 'device_model', 'device_ip': 'device_ip', 'device_status': 'Stop', 'device_message': 'Registered', 'device_location': 'device_location', 'device_key': 'device_key'}|Result={"code":201,"message":"Successfully Registered"}
-
WARNING 2025-04-10 21:19:09,642 Info -cls=create_admin_login|args=()|kwargs={'username': 'monicaigun', 'password': 'pass123!'}|Result={"code":400,"message":"Your password is incorrect"}
-
INFO 2025-04-10 21:19:14,855 Info -cls=create_admin_login|args=()|kwargs={'username': 'monicaigun', 'password': 'pass12345!'}|Result={"code":200,"data":{"email":"monicaigun@gmail.com","id":"202504-1021-1840-33423ca6-e103-45e2-8229-3297c2e74596","password":[{"password":"gAAAAABn99NA4RdMtJV0Ot1DdmE17QJyASEbWaIOg94204qBQg_aVKCqOpm09J5RUJBE_nl9h7KU-cz7N5lgqrloF5T062pS8A==","primary":true}],"role":"admin","username":"monicaigun"},"message":"Successfully Login"}
-
INFO 2025-04-10 21:19:51,780 Info -cls=create_register|args=()|kwargs={'username': 'mistersoegi', 'password': 'pass12345!', 'email': 'mistersoegi@gmail.com'}|Result={"code":201,"message":"Successfully Registered"}
-
INFO 2025-04-10 21:20:00,712 Info -cls=create_register_device|args=()|kwargs={'device_id': '02198321321312', 'device_key': '98928098'}|Result={"code":201,"data":{"device":[{"category":"","created_by":"monicaigun","created_date":"04-10-2025 21:16:27","deleted":false,"device_id":"02198321321312","device_ip":"device_ip","device_key":"device_key","device_location":"device_location","device_message":"Registered","device_model":"device_model","device_name":"","device_status":"Start","id":"1021-1859-1ad370eb-8d2c-4a23-9160-651c307136b3","ip_address":"0.0.0.0","key":"98928098","last_updated":"04-10-2025 21:16:27","live_date":"04-10-2025 21:16:27","live_end":"04-10-2025 21:16:27","model":"","remote":false,"sync":true,"type":"","view":false},{"category":"","created_by":"monicaigun","created_date":"04-10-2025 21:16:27","deleted":false,"device_id":"02198321321312","device_ip":"device_ip","device_key":"device_key","device_location":"device_location","device_message":"Registered","device_model":"device_model","device_name":"","device_status":"Start","id":"1021-1859-1ad370eb-8d2c-4a23-9160-651c307136b3","ip_address":"0.0.0.0","key":"98928098","last_updated":"04-10-2025 21:16:27","live_date":"04-10-2025 21:16:27","live_end":"04-10-2025 21:16:27","model":"","remote":false,"sync":true,"type":"","view":false}]},"message":"Successfully Registered"}
-
INFO 2025-04-10 21:20:32,142 Info -cls=create_admin_register|args=()|kwargs={'username': 'monicaigun', 'password': 'pass12345!', 'email': 'monicaigun@gmail.com'}|Result={"code":201,"message":"Successfully Registered"}
-
INFO 2025-04-10 21:20:45,145 Info -cls=create_register|args=()|kwargs={'username': 'mistersoegi', 'password': 'pass12345!', 'email': 'mistersoegi@gmail.com'}|Result={"code":201,"message":"Successfully Registered"}
-
INFO 2025-04-10 21:23:41,244 Info -cls=create_register_device|args=()|kwargs={'device_id': '02198321321312', 'device_key': '98928098'}|Result={"code":201,"data":{"device":[{"category":"","created_by":"monicaigun","created_date":"04-10-2025 21:16:27","deleted":false,"device_id":"02198321321312","device_ip":"device_ip","device_key":"device_key","device_location":"device_location","device_message":"Registered","device_model":"device_model","device_name":"","device_status":"Start","id":"1021-1859-1ad370eb-8d2c-4a23-9160-651c307136b3","ip_address":"0.0.0.0","key":"98928098","last_updated":"04-10-2025 21:16:27","live_date":"04-10-2025 21:16:27","live_end":"04-10-2025 21:16:27","model":"","remote":false,"sync":true,"type":"","view":false},{"category":"","created_by":"monicaigun","created_date":"04-10-2025 21:16:27","deleted":false,"device_id":"02198321321312","device_ip":"device_ip","device_key":"device_key","device_location":"device_location","device_message":"Registered","device_model":"device_model","device_name":"","device_status":"Start","id":"1021-1859-1ad370eb-8d2c-4a23-9160-651c307136b3","ip_address":"0.0.0.0","key":"98928098","last_updated":"04-10-2025 21:16:27","live_date":"04-10-2025 21:16:27","live_end":"04-10-2025 21:16:27","model":"","remote":false,"sync":true,"type":"","view":false}]},"message":"Successfully Registered"}
-
INFO 2025-04-10 21:25:04,094 Info -cls=create_register_device|args=()|kwargs={'device_id': '02198321321312', 'device_key': '98928098'}|Result={"code":201,"data":{"device":[{"category":"","created_by":"monicaigun","created_date":"04-10-2025 21:16:27","deleted":false,"device_id":"02198321321312","device_ip":"device_ip","device_key":"device_key","device_location":"device_location","device_message":"Registered","device_model":"device_model","device_name":"","device_status":"Start","id":"1021-1859-1ad370eb-8d2c-4a23-9160-651c307136b3","ip_address":"0.0.0.0","key":"98928098","last_updated":"04-10-2025 21:16:27","live_date":"04-10-2025 21:16:27","live_end":"04-10-2025 21:16:27","model":"","remote":false,"sync":true,"type":"","view":false},{"category":"","created_by":"monicaigun","created_date":"04-10-2025 21:16:27","deleted":false,"device_id":"02198321321312","device_ip":"device_ip","device_key":"device_key","device_location":"device_location","device_message":"Registered","device_model":"device_model","device_name":"","device_status":"Start","id":"1021-1859-1ad370eb-8d2c-4a23-9160-651c307136b3","ip_address":"0.0.0.0","key":"98928098","last_updated":"04-10-2025 21:16:27","live_date":"04-10-2025 21:16:27","live_end":"04-10-2025 21:16:27","model":"","remote":false,"sync":true,"type":"","view":false}]},"message":"Successfully Registered"}
-
INFO 2025-04-10 21:26:13,828 Info -cls=create_register_device|args=()|kwargs={'device_id': '02198321321312', 'device_key': '98928098'}|Result={"code":201,"data":{"device":[{"category":"","created_by":"monicaigun","created_date":"04-10-2025 21:16:27","deleted":false,"device_id":"02198321321312","device_ip":"device_ip","device_key":"device_key","device_location":"device_location","device_message":"Registered","device_model":"device_model","device_name":"","device_status":"Start","id":"1021-1859-1ad370eb-8d2c-4a23-9160-651c307136b3","ip_address":"0.0.0.0","key":"98928098","last_updated":"04-10-2025 21:16:27","live_date":"04-10-2025 21:16:27","live_end":"04-10-2025 21:16:27","model":"","remote":false,"sync":true,"type":"","view":false}]},"message":"Successfully Registered"}
-
INFO 2025-04-10 21:26:45,943 Info -cls=create_register_device|args=()|kwargs={'device_id': '02198321321312', 'device_key': '98928098'}|Result={"code":201,"data":{"device":[{"category":"","created_by":"monicaigun","created_date":"04-10-2025 21:16:27","deleted":false,"device_id":"02198321321312","device_ip":"device_ip","device_key":"device_key","device_location":"device_location","device_message":"Registered","device_model":"device_model","device_name":"","device_status":"Start","id":"1021-1859-1ad370eb-8d2c-4a23-9160-651c307136b3","ip_address":"0.0.0.0","key":"98928098","last_updated":"04-10-2025 21:16:27","live_date":"04-10-2025 21:16:27","live_end":"04-10-2025 21:16:27","model":"","remote":false,"sync":true,"type":"","view":false}]},"message":"Successfully Registered"}
-
INFO 2025-04-10 21:27:09,513 Info -cls=create_register_device|args=()|kwargs={'device_id': '02198321321312', 'device_key': '98928098'}|Result={"code":201,"data":{"device":[{"category":"","created_by":"monicaigun","created_date":"04-10-2025 21:16:27","deleted":false,"device_id":"02198321321312","device_ip":"device_ip","device_key":"device_key","device_location":"device_location","device_message":"Registered","device_model":"device_model","device_name":"","device_status":"Start","id":"1021-1859-1ad370eb-8d2c-4a23-9160-651c307136b3","ip_address":"0.0.0.0","key":"98928098","last_updated":"04-10-2025 21:16:27","live_date":"04-10-2025 21:16:27","live_end":"04-10-2025 21:16:27","model":"","remote":false,"sync":true,"type":"","view":false}]},"message":"Successfully Registered"}
-
INFO 2025-04-10 21:28:31,513 Info -cls=create_register_device|args=()|kwargs={'device_id': '02198321321312', 'device_key': '98928098'}|Result={"code":201,"data":{"device":[{"category":"","created_by":"monicaigun","created_date":"04-10-2025 21:16:27","deleted":false,"device_id":"02198321321312","device_ip":"device_ip","device_key":"device_key","device_location":"device_location","device_message":"Registered","device_model":"device_model","device_name":"","device_status":"Start","id":"1021-1859-1ad370eb-8d2c-4a23-9160-651c307136b3","ip_address":"0.0.0.0","key":"98928098","last_updated":"04-10-2025 21:16:27","live_date":"04-10-2025 21:16:27","live_end":"04-10-2025 21:16:27","model":"","remote":false,"sync":true,"type":"","view":false}]},"message":"Successfully Registered"}
-
INFO 2025-04-10 21:29:29,975 Info -cls=create_register_device|args=()|kwargs={'device_id': '02198321321312', 'device_key': '98928098'}|Result={"code":201,"data":{"device":[{"category":"","created_by":"monicaigun","created_date":"04-10-2025 21:16:27","deleted":false,"device_id":"02198321321312","device_ip":"device_ip","device_key":"device_key","device_location":"device_location","device_message":"Registered","device_model":"device_model","device_name":"","device_status":"Start","id":"1021-1859-1ad370eb-8d2c-4a23-9160-651c307136b3","ip_address":"0.0.0.0","key":"98928098","last_updated":"04-10-2025 21:16:27","live_date":"04-10-2025 21:16:27","live_end":"04-10-2025 21:16:27","model":"","remote":false,"sync":true,"type":"","view":false}]},"message":"Successfully Registered"}
-
INFO 2025-04-10 21:31:37,649 Info -cls=create_register_device|args=()|kwargs={'device_id': '02198321321312', 'device_key': '98928098'}|Result={"code":201,"data":{"device":[{"category":"","created_by":"monicaigun","created_date":"04-10-2025 21:16:27","deleted":false,"device_id":"02198321321312","device_ip":"device_ip","device_key":"device_key","device_location":"device_location","device_message":"Registered","device_model":"device_model","device_name":"","device_status":"Start","id":"1021-1859-1ad370eb-8d2c-4a23-9160-651c307136b3","ip_address":"0.0.0.0","key":"98928098","last_updated":"04-10-2025 21:16:27","live_date":"04-10-2025 21:16:27","live_end":"04-10-2025 21:16:27","model":"","remote":false,"sync":true,"type":"","view":false}]},"message":"Successfully Registered"}
-
INFO 2025-04-10 21:32:10,345 Info -cls=create_register_device|args=()|kwargs={'device_id': '02198321321312', 'device_key': '98928098'}|Result={"code":201,"data":{"device":[{"category":"","created_by":"monicaigun","created_date":"04-10-2025 21:16:27","deleted":false,"device_id":"02198321321312","device_ip":"device_ip","device_key":"device_key","device_location":"device_location","device_message":"Registered","device_model":"device_model","device_name":"","device_status":"Start","id":"1021-1859-1ad370eb-8d2c-4a23-9160-651c307136b3","ip_address":"0.0.0.0","key":"98928098","last_updated":"04-10-2025 21:16:27","live_date":"04-10-2025 21:16:27","live_end":"04-10-2025 21:16:27","model":"","remote":false,"sync":true,"type":"","view":false}]},"message":"Successfully Registered"}
-
ERROR 2025-04-10 21:34:58,132 Error -cls=create_register_device|Result=name 'c_register_device' is not defined|Exception=NameError("name 'c_register_device' is not defined")- 
Traceback (most recent call last):
  File "D:\iot\backend\v1\decorators\silvia_log.py", line 61, in wrapper
    results_function = func(*args,**kwargs)
                       ^^^^^^^^^^^^^^^^^^^^
  File "D:\iot\backend\v1\decorators\middleware.py", line 82, in decorator
    return f(*args, **kwargs)
           ^^^^^^^^^^^^^^^^^^
  File "D:\iot\backend\v1\test_auth.py", line 72, in create_register_device
    change = c_register_device(current_user,y)
             ^^^^^^^^^^^^^^^^^
NameError: name 'c_register_device' is not defined. Did you mean: 'c_register_admin'?
INFO 2025-04-10 21:35:47,769 Info -cls=create_register_device|args=()|kwargs={'device_id': '02198321321312', 'device_key': '98928098'}|Result={"code":201,"data":{"category":"","created_by":"monicaigun","created_date":"04-10-2025 21:16:27","deleted":false,"device_id":"02198321321312","device_ip":"device_ip","device_key":"device_key","device_location":"device_location","device_message":"Registered","device_model":"device_model","device_name":"","device_status":"Start","id":"1021-1859-1ad370eb-8d2c-4a23-9160-651c307136b3","ip_address":"0.0.0.0","key":"98928098","last_updated":"04-10-2025 21:16:27","live_date":"04-10-2025 21:16:27","live_end":"04-10-2025 21:16:27","model":"","remote":false,"sync":true,"type":"","view":false},"message":"Successfully Registered"}
-
INFO 2025-04-10 21:36:26,085 Info -cls=create_register_device|args=()|kwargs={'device_id': '02198321321312', 'device_key': '98928098'}|Result={"code":201,"data":{"category":"","created_by":"monicaigun","created_date":"04-10-2025 21:16:27","deleted":false,"device_id":"02198321321312","device_ip":"device_ip","device_key":"device_key","device_location":"device_location","device_message":"Registered","device_model":"device_model","device_name":"","device_status":"Stop","id":"1021-1859-1ad370eb-8d2c-4a23-9160-651c307136b3","ip_address":"0.0.0.0","key":"98928098","last_updated":"04-10-2025 21:16:27","live_date":"04-10-2025 21:16:27","live_end":"04-10-2025 21:16:27","model":"","remote":false,"sync":false,"type":"","view":false},"message":"Successfully Registered"}
-
ERROR 2025-04-10 21:41:28,160 Error -cls=create_register_device|Result='dict' object has no attribute 'remove'|Exception=AttributeError("'dict' object has no attribute 'remove'")- 
Traceback (most recent call last):
  File "D:\iot\backend\v1\decorators\silvia_log.py", line 61, in wrapper
    results_function = func(*args,**kwargs)
                       ^^^^^^^^^^^^^^^^^^^^
  File "D:\iot\backend\v1\decorators\middleware.py", line 82, in decorator
    return f(*args, **kwargs)
           ^^^^^^^^^^^^^^^^^^
  File "D:\iot\backend\v1\test_auth.py", line 72, in create_register_device
    change = c_register_device(current_user,y)
             ^^^^^^^^^^^^^^^^^^^^^^^^^^^^^^^^^
  File "D:\iot\backend\v1\controller\UserController.py", line 77, in c_register_device
    change_device_md(device_process['device_id'],device_process['key'],device_process,devices)
  File "D:\iot\backend\v1\helper\query.py", line 152, in change_device_md
    l.remove(x)
    ^^^^^^^^
AttributeError: 'dict' object has no attribute 'remove'
INFO 2025-04-10 21:45:14,431 Info -cls=create_register_device|args=()|kwargs={'device_id': '02198321321312', 'device_key': '98928098'}|Result={"code":201,"data":{"category":"","created_by":"monicaigun","created_date":"04-10-2025 21:16:27","deleted":false,"device_id":"02198321321312","device_ip":"device_ip","device_key":"device_key","device_location":"device_location","device_message":"Registered","device_model":"device_model","device_name":"","device_status":"Stop","id":"1021-1859-1ad370eb-8d2c-4a23-9160-651c307136b3","ip_address":"0.0.0.0","key":"98928098","last_updated":"04-10-2025 21:16:27","live_date":"04-10-2025 21:16:27","live_end":"04-10-2025 21:16:27","model":"","remote":false,"sync":false,"type":"","view":false},"message":"Successfully Registered"}
-
